{"Protocol":0,"Id":"cdbd750654970099f280368cfef0bf4b","Path":"/media/movies/Sinners (2025)/Sinners 2025 1080p HDRip HEVC x265-RMTeam.mkv","EncoderPath":null,"EncoderProtocol":null,"Type":0,"Container":"mkv","Size":1184935223,"Name":"Sinners 2025 1080p HDRip HEVC x265-RMTeam","IsRemote":false,"ETag":"f0f4bd94988061c1cd72baace44f1cd3","RunTimeTicks":75521060000,"ReadAtNativeFramerate":false,"IgnoreDts":false,"IgnoreIndex":false,"GenPtsInput":false,"SupportsTranscoding":true,"SupportsDirectStream":true,"SupportsDirectPlay":true,"IsInfiniteStream":false,"UseMostCompatibleTranscodingProfile":false,"RequiresOpening":false,"OpenToken":null,"RequiresClosing":false,"LiveStreamId":null,"BufferMs":null,"RequiresLooping":false,"SupportsProbing":true,"VideoType":0,"IsoType":null,"Video3DFormat":null,"MediaStreams":[{"Codec":"hevc","CodecTag":null,"Language":"eng","ColorRange":null,"ColorSpace":null,"ColorTransfer":null,"ColorPrimaries":null,"DvVersionMajor":null,"DvVersionMinor":null,"DvProfile":null,"DvLevel":null,"RpuPresentFlag":null,"ElPresentFlag":null,"BlPresentFlag":null,"DvBlSignalCompatibilityId":null,"Rotation":null,"Comment":null,"TimeBase":"1/1000","CodecTimeBase":null,"Title":null,"VideoRange":1,"VideoRangeType":1,"VideoDoViTitle":null,"AudioSpatialFormat":0,"LocalizedUndefined":null,"LocalizedDefault":null,"LocalizedForced":null,"LocalizedExternal":null,"LocalizedHearingImpaired":null,"DisplayTitle":"1080p HEVC SDR","NalLengthSize":null,"IsInterlaced":false,"IsAVC":false,"ChannelLayout":null,"BitRate":1255210,"BitDepth":8,"RefFrames":1,"PacketLength":null,"Channels":null,"SampleRate":null,"IsDefault":true,"IsForced":false,"IsHearingImpaired":false,"Height":800,"Width":1920,"AverageFrameRate":30,"RealFrameRate":30,"ReferenceFrameRate":30,"Profile":"Main","Type":1,"AspectRatio":"2.40:1","Index":0,"Score":null,"IsExternal":false,"DeliveryMethod":null,"DeliveryUrl":null,"IsExternalUrl":null,"IsTextSubtitleStream":false,"SupportsExternalStream":false,"Path":null,"PixelFormat":"yuv420p","Level":120,"IsAnamorphic":false},{"Codec":"aac","CodecTag":null,"Language":"eng","ColorRange":null,"ColorSpace":null,"ColorTransfer":null,"ColorPrimaries":null,"DvVersionMajor":null,"DvVersionMinor":null,"DvProfile":null,"DvLevel":null,"RpuPresentFlag":null,"ElPresentFlag":null,"BlPresentFlag":null,"DvBlSignalCompatibilityId":null,"Rotation":null,"Comment":null,"TimeBase":"1/1000","CodecTimeBase":null,"Title":null,"VideoRange":0,"VideoRangeType":0,"VideoDoViTitle":null,"AudioSpatialFormat":0,"LocalizedUndefined":null,"LocalizedDefault":"Default","LocalizedForced":null,"LocalizedExternal":"External","LocalizedHearingImpaired":null,"DisplayTitle":"English - AAC - 5.1 - Default","NalLengthSize":null,"IsInterlaced":false,"IsAVC":false,"ChannelLayout":"5.1","BitRate":639989,"BitDepth":null,"RefFrames":null,"PacketLength":null,"Channels":6,"SampleRate":48000,"IsDefault":true,"IsForced":false,"IsHearingImpaired":false,"Height":null,"Width":null,"AverageFrameRate":null,"RealFrameRate":null,"ReferenceFrameRate":null,"Profile":"LC","Type":0,"AspectRatio":null,"Index":1,"Score":null,"IsExternal":false,"DeliveryMethod":null,"DeliveryUrl":null,"IsExternalUrl":null,"IsTextSubtitleStream":false,"SupportsExternalStream":false,"Path":null,"PixelFormat":null,"Level":0,"IsAnamorphic":null}],"MediaAttachments":[],"Formats":[],"Bitrate":1895199,"FallbackMaxStreamingBitrate":null,"Timestamp":null,"RequiredHttpHeaders":{},"TranscodingUrl":null,"TranscodingSubProtocol":0,"TranscodingContainer":null,"AnalyzeDurationMs":null,"DefaultAudioStreamIndex":null,"DefaultSubtitleStreamIndex":null,"HasSegments":false}

/usr/lib/jellyfin-ffmpeg/ffmpeg -analyzeduration 200M -probesize 1G -fflags +genpts  -i file:"/media/movies/Sinners (2025)/Sinners 2025 1080p HDRip HEVC x265-RMTeam.mkv" -map_metadata -1 -map_chapters -1 -threads 0 -map 0:0 -map 0:1 -map -0:s -codec:v:0 copy -tag:v:0 hvc1 -bsf:v hevc_mp4toannexb -start_at_zero -codec:a:0 copy -copyts -avoid_negative_ts disabled -max_muxing_queue_size 2048 -f hls -max_delay 5000000 -hls_time 6 -hls_segment_type fmp4 -hls_fmp4_init_filename "218a14aba992c944f70df477b96dcca9-1.mp4" -start_number 0 -hls_segment_filename "/cache/transcodes/218a14aba992c944f70df477b96dcca9%d.mp4" -hls_playlist_type vod -hls_list_size 0 -y "/cache/transcodes/218a14aba992c944f70df477b96dcca9.m3u8"


ffmpeg version 7.0.2-Jellyfin Copyright (c) 2000-2024 the FFmpeg developers
  built with gcc 12 (Debian 12.2.0-14)
  configuration: --prefix=/usr/lib/jellyfin-ffmpeg --target-os=linux --extra-version=Jellyfin --disable-doc --disable-ffplay --disable-ptx-compression --disable-static --disable-libxcb --disable-sdl2 --disable-xlib --enable-lto=auto --enable-gpl --enable-version3 --enable-shared --enable-gmp --enable-gnutls --enable-chromaprint --enable-opencl --enable-libdrm --enable-libxml2 --enable-libass --enable-libfreetype --enable-libfribidi --enable-libfontconfig --enable-libharfbuzz --enable-libbluray --enable-libmp3lame --enable-libopus --enable-libtheora --enable-libvorbis --enable-libopenmpt --enable-libdav1d --enable-libsvtav1 --enable-libwebp --enable-libvpx --enable-libx264 --enable-libx265 --enable-libzvbi --enable-libzimg --enable-libfdk-aac --arch=arm64 --cross-prefix=/usr/bin/aarch64-linux-gnu- --toolchain=hardened --enable-cross-compile --enable-rkmpp --enable-rkrga
  libavutil      59.  8.100 / 59.  8.100
  libavcodec     61.  3.100 / 61.  3.100
  libavformat    61.  1.100 / 61.  1.100
  libavdevice    61.  1.100 / 61.  1.100
  libavfilter    10.  1.100 / 10.  1.100
  libswscale      8.  1.100 /  8.  1.100
  libswresample   5.  1.100 /  5.  1.100
  libpostproc    58.  1.100 / 58.  1.100
Input #0, matroska,webm, from 'file:/media/movies/Sinners (2025)/Sinners 2025 1080p HDRip HEVC x265-RMTeam.mkv':
  Metadata:
    title           : Sinners - RMTeam, https://RMZ.cr
    DESCRIPTION     : Encoded By RMTeam, https://rapidmoviez.cr
    ENCODER         : Lavf57.71.100
  Duration: 02:05:52.11, start: 0.000000, bitrate: 1255 kb/s
  Stream #0:0(eng): Video: hevc (Main), yuv420p(tv, progressive), 1920x800 [SAR 1:1 DAR 12:5], 30 fps, 30 tbr, 1k tbn (default)
      Metadata:
        BPS             : 10029962
        NUMBER_OF_FRAMES: 226559
        NUMBER_OF_BYTES : 9468408681
        _STATISTICS_WRITING_APP: mkvmerge v91.0 ('Signs') 64-bit
        _STATISTICS_WRITING_DATE_UTC: 2025-05-17 11:44:16
        _STATISTICS_TAGS: BPS DURATION NUMBER_OF_FRAMES NUMBER_OF_BYTES
        ENCODER         : Lavc57.89.100 libx265
        DURATION        : 02:05:52.106000000
  Stream #0:1(eng): Audio: aac (LC), 48000 Hz, 5.1, fltp (default)
      Metadata:
        BPS             : 639989
        NUMBER_OF_FRAMES: 235995
        NUMBER_OF_BYTES : 604147200
        _STATISTICS_WRITING_APP: mkvmerge v91.0 ('Signs') 64-bit
        _STATISTICS_WRITING_DATE_UTC: 2025-05-17 11:44:16
        _STATISTICS_TAGS: BPS DURATION NUMBER_OF_FRAMES NUMBER_OF_BYTES
        ENCODER         : Lavc57.89.100 aac
        DURATION        : 02:05:51.979000000
[out#0/hls @ 0x5555c56130c0] Codec AVOption threads (set the number of threads) has not been used for any stream. The most likely reason is either wrong type (e.g. a video option with no video streams) or that it is a private option of some encoder which was not actually used for any stream.
Stream mapping:
  Stream #0:0 -> #0:0 (copy)
  Stream #0:1 -> #0:1 (copy)
[hls @ 0x5555c5658870] Opening '/cache/transcodes/218a14aba992c944f70df477b96dcca9-1.mp4' for writing
Output #0, hls, to '/cache/transcodes/218a14aba992c944f70df477b96dcca9.m3u8':
  Metadata:
    encoder         : Lavf61.1.100
  Stream #0:0: Video: hevc (Main) (hvc1 / 0x31637668), yuv420p(tv, progressive), 1920x800 [SAR 1:1 DAR 12:5], q=2-31, 30 fps, 30 tbr, 16k tbn (default)
  Stream #0:1: Audio: aac (LC), 48000 Hz, 5.1, fltp (default)
Press [q] to stop, [?] for help
[hls @ 0x5555c5658870] Opening '/cache/transcodes/218a14aba992c944f70df477b96dcca90.mp4' for writing
[hls @ 0x5555c5658870] Opening '/cache/transcodes/218a14aba992c944f70df477b96dcca91.mp4' for writing
[hls @ 0x5555c5658870] Opening '/cache/transcodes/218a14aba992c944f70df477b96dcca92.mp4' for writing
[hls @ 0x5555c5658870] Opening '/cache/transcodes/218a14aba992c944f70df477b96dcca93.mp4' for writing
[hls @ 0x5555c5658870] Opening '/cache/transcodes/218a14aba992c944f70df477b96dcca94.mp4' for writing
[hls @ 0x5555c5658870] Opening '/cache/transcodes/218a14aba992c944f70df477b96dcca95.mp4' for writing
[hls @ 0x5555c5658870] Opening '/cache/transcodes/218a14aba992c944f70df477b96dcca96.mp4' for writing
[hls @ 0x5555c5658870] Opening '/cache/transcodes/218a14aba992c944f70df477b96dcca97.mp4' for writing
[hls @ 0x5555c5658870] Opening '/cache/transcodes/218a14aba992c944f70df477b96dcca98.mp4' for writing
[hls @ 0x5555c5658870] Opening '/cache/transcodes/218a14aba992c944f70df477b96dcca99.mp4' for writing
[hls @ 0x5555c5658870] Opening '/cache/transcodes/218a14aba992c944f70df477b96dcca910.mp4' for writing
[hls @ 0x5555c5658870] Opening '/cache/transcodes/218a14aba992c944f70df477b96dcca911.mp4' for writing
[hls @ 0x5555c5658870] Opening '/cache/transcodes/218a14aba992c944f70df477b96dcca912.mp4' for writing
[hls @ 0x5555c5658870] Opening '/cache/transcodes/218a14aba992c944f70df477b96dcca913.mp4' for writing
[hls @ 0x5555c5658870] Opening '/cache/transcodes/218a14aba992c944f70df477b96dcca914.mp4' for writing
[hls @ 0x5555c5658870] Opening '/cache/transcodes/218a14aba992c944f70df477b96dcca915.mp4' for writing
[hls @ 0x5555c5658870] Opening '/cache/transcodes/218a14aba992c944f70df477b96dcca916.mp4' for writing
[hls @ 0x5555c5658870] Opening '/cache/transcodes/218a14aba992c944f70df477b96dcca917.mp4' for writing
[hls @ 0x5555c5658870] Opening '/cache/transcodes/218a14aba992c944f70df477b96dcca918.mp4' for writing
[hls @ 0x5555c5658870] Opening '/cache/transcodes/218a14aba992c944f70df477b96dcca919.mp4' for writing
[hls @ 0x5555c5658870] Opening '/cache/transcodes/218a14aba992c944f70df477b96dcca920.mp4' for writing
[hls @ 0x5555c5658870] Opening '/cache/transcodes/218a14aba992c944f70df477b96dcca921.mp4' for writing
[hls @ 0x5555c5658870] Opening '/cache/transcodes/218a14aba992c944f70df477b96dcca922.mp4' for writing
[hls @ 0x5555c5658870] Opening '/cache/transcodes/218a14aba992c944f70df477b96dcca923.mp4' for writing
[hls @ 0x5555c5658870] Opening '/cache/transcodes/218a14aba992c944f70df477b96dcca924.mp4' for writing
[hls @ 0x5555c5658870] Opening '/cache/transcodes/218a14aba992c944f70df477b96dcca925.mp4' for writing
[hls @ 0x5555c5658870] Opening '/cache/transcodes/218a14aba992c944f70df477b96dcca926.mp4' for writing
[hls @ 0x5555c5658870] Opening '/cache/transcodes/218a14aba992c944f70df477b96dcca927.mp4' for writing
[hls @ 0x5555c5658870] Opening '/cache/transcodes/218a14aba992c944f70df477b96dcca928.mp4' for writing
[hls @ 0x5555c5658870] Opening '/cache/transcodes/218a14aba992c944f70df477b96dcca929.mp4' for writing
[hls @ 0x5555c5658870] Opening '/cache/transcodes/218a14aba992c944f70df477b96dcca930.mp4' for writing
[hls @ 0x5555c5658870] Opening '/cache/transcodes/218a14aba992c944f70df477b96dcca931.mp4' for writing
[hls @ 0x5555c5658870] Opening '/cache/transcodes/218a14aba992c944f70df477b96dcca932.mp4' for writing
[hls @ 0x5555c5658870] Opening '/cache/transcodes/218a14aba992c944f70df477b96dcca933.mp4' for writing
[hls @ 0x5555c5658870] Opening '/cache/transcodes/218a14aba992c944f70df477b96dcca934.mp4' for writing
[hls @ 0x5555c5658870] Opening '/cache/transcodes/218a14aba992c944f70df477b96dcca935.mp4' for writing
[hls @ 0x5555c5658870] Opening '/cache/transcodes/218a14aba992c944f70df477b96dcca936.mp4' for writing
[hls @ 0x5555c5658870] Opening '/cache/transcodes/218a14aba992c944f70df477b96dcca937.mp4' for writing
[hls @ 0x5555c5658870] Opening '/cache/transcodes/218a14aba992c944f70df477b96dcca938.mp4' for writing
[hls @ 0x5555c5658870] Opening '/cache/transcodes/218a14aba992c944f70df477b96dcca939.mp4' for writing
[hls @ 0x5555c5658870] Opening '/cache/transcodes/218a14aba992c944f70df477b96dcca940.mp4' for writing
[hls @ 0x5555c5658870] Opening '/cache/transcodes/218a14aba992c944f70df477b96dcca941.mp4' for writing
[hls @ 0x5555c5658870] Opening '/cache/transcodes/218a14aba992c944f70df477b96dcca942.mp4' for writing
[hls @ 0x5555c5658870] Opening '/cache/transcodes/218a14aba992c944f70df477b96dcca943.mp4' for writing
[hls @ 0x5555c5658870] Opening '/cache/transcodes/218a14aba992c944f70df477b96dcca944.mp4' for writing
[hls @ 0x5555c5658870] Opening '/cache/transcodes/218a14aba992c944f70df477b96dcca945.mp4' for writing
[hls @ 0x5555c5658870] Opening '/cache/transcodes/218a14aba992c944f70df477b96dcca946.mp4' for writing
[hls @ 0x5555c5658870] Opening '/cache/transcodes/218a14aba992c944f70df477b96dcca947.mp4' for writing
[hls @ 0x5555c5658870] Opening '/cache/transcodes/218a14aba992c944f70df477b96dcca948.mp4' for writing
[hls @ 0x5555c5658870] Opening '/cache/transcodes/218a14aba992c944f70df477b96dcca949.mp4' for writing
[hls @ 0x5555c5658870] Opening '/cache/transcodes/218a14aba992c944f70df477b96dcca950.mp4' for writing
[hls @ 0x5555c5658870] Opening '/cache/transcodes/218a14aba992c944f70df477b96dcca951.mp4' for writing
[hls @ 0x5555c5658870] Opening '/cache/transcodes/218a14aba992c944f70df477b96dcca952.mp4' for writing
[hls @ 0x5555c5658870] Opening '/cache/transcodes/218a14aba992c944f70df477b96dcca953.mp4' for writing
[hls @ 0x5555c5658870] Opening '/cache/transcodes/218a14aba992c944f70df477b96dcca954.mp4' for writing
[hls @ 0x5555c5658870] Opening '/cache/transcodes/218a14aba992c944f70df477b96dcca955.mp4' for writing
[hls @ 0x5555c5658870] Opening '/cache/transcodes/218a14aba992c944f70df477b96dcca956.mp4' for writing
[hls @ 0x5555c5658870] Opening '/cache/transcodes/218a14aba992c944f70df477b96dcca957.mp4' for writing
[hls @ 0x5555c5658870] Opening '/cache/transcodes/218a14aba992c944f70df477b96dcca958.mp4' for writing
[hls @ 0x5555c5658870] Opening '/cache/transcodes/218a14aba992c944f70df477b96dcca959.mp4' for writing
[hls @ 0x5555c5658870] Opening '/cache/transcodes/218a14aba992c944f70df477b96dcca960.mp4' for writing
[hls @ 0x5555c5658870] Opening '/cache/transcodes/218a14aba992c944f70df477b96dcca961.mp4' for writing
[hls @ 0x5555c5658870] Opening '/cache/transcodes/218a14aba992c944f70df477b96dcca962.mp4' for writing
[hls @ 0x5555c5658870] Opening '/cache/transcodes/218a14aba992c944f70df477b96dcca963.mp4' for writing
[hls @ 0x5555c5658870] Opening '/cache/transcodes/218a14aba992c944f70df477b96dcca964.mp4' for writing
[hls @ 0x5555c5658870] Opening '/cache/transcodes/218a14aba992c944f70df477b96dcca965.mp4' for writing
[hls @ 0x5555c5658870] Opening '/cache/transcodes/218a14aba992c944f70df477b96dcca966.mp4' for writing
[hls @ 0x5555c5658870] Opening '/cache/transcodes/218a14aba992c944f70df477b96dcca967.mp4' for writing
[hls @ 0x5555c5658870] Opening '/cache/transcodes/218a14aba992c944f70df477b96dcca968.mp4' for writing
[hls @ 0x5555c5658870] Opening '/cache/transcodes/218a14aba992c944f70df477b96dcca969.mp4' for writing
[hls @ 0x5555c5658870] Opening '/cache/transcodes/218a14aba992c944f70df477b96dcca970.mp4' for writing
[hls @ 0x5555c5658870] Opening '/cache/transcodes/218a14aba992c944f70df477b96dcca971.mp4' for writing
[hls @ 0x5555c5658870] Opening '/cache/transcodes/218a14aba992c944f70df477b96dcca972.mp4' for writing
[hls @ 0x5555c5658870] Opening '/cache/transcodes/218a14aba992c944f70df477b96dcca973.mp4' for writing
[hls @ 0x5555c5658870] Opening '/cache/transcodes/218a14aba992c944f70df477b96dcca974.mp4' for writing
[hls @ 0x5555c5658870] Opening '/cache/transcodes/218a14aba992c944f70df477b96dcca975.mp4' for writing
[hls @ 0x5555c5658870] Opening '/cache/transcodes/218a14aba992c944f70df477b96dcca976.mp4' for writing
[hls @ 0x5555c5658870] Opening '/cache/transcodes/218a14aba992c944f70df477b96dcca977.mp4' for writing
[hls @ 0x5555c5658870] Opening '/cache/transcodes/218a14aba992c944f70df477b96dcca978.mp4' for writing
[hls @ 0x5555c5658870] Opening '/cache/transcodes/218a14aba992c944f70df477b96dcca979.mp4' for writing
[hls @ 0x5555c5658870] Opening '/cache/transcodes/218a14aba992c944f70df477b96dcca980.mp4' for writing
[hls @ 0x5555c5658870] Opening '/cache/transcodes/218a14aba992c944f70df477b96dcca981.mp4' for writing
[hls @ 0x5555c5658870] Opening '/cache/transcodes/218a14aba992c944f70df477b96dcca982.mp4' for writing
[hls @ 0x5555c5658870] Opening '/cache/transcodes/218a14aba992c944f70df477b96dcca983.mp4' for writing
[hls @ 0x5555c5658870] Opening '/cache/transcodes/218a14aba992c944f70df477b96dcca984.mp4' for writing
[hls @ 0x5555c5658870] Opening '/cache/transcodes/218a14aba992c944f70df477b96dcca985.mp4' for writing
[hls @ 0x5555c5658870] Opening '/cache/transcodes/218a14aba992c944f70df477b96dcca986.mp4' for writing
[hls @ 0x5555c5658870] Opening '/cache/transcodes/218a14aba992c944f70df477b96dcca987.mp4' for writing
[hls @ 0x5555c5658870] Opening '/cache/transcodes/218a14aba992c944f70df477b96dcca988.mp4' for writing
[hls @ 0x5555c5658870] Opening '/cache/transcodes/218a14aba992c944f70df477b96dcca989.mp4' for writing
[hls @ 0x5555c5658870] Opening '/cache/transcodes/218a14aba992c944f70df477b96dcca990.mp4' for writing
[hls @ 0x5555c5658870] Opening '/cache/transcodes/218a14aba992c944f70df477b96dcca991.mp4' for writing
[hls @ 0x5555c5658870] Opening '/cache/transcodes/218a14aba992c944f70df477b96dcca992.mp4' for writing
[hls @ 0x5555c5658870] Opening '/cache/transcodes/218a14aba992c944f70df477b96dcca993.mp4' for writing
[hls @ 0x5555c5658870] Opening '/cache/transcodes/218a14aba992c944f70df477b96dcca994.mp4' for writing
[hls @ 0x5555c5658870] Opening '/cache/transcodes/218a14aba992c944f70df477b96dcca995.mp4' for writing
[hls @ 0x5555c5658870] Opening '/cache/transcodes/218a14aba992c944f70df477b96dcca996.mp4' for writing
[hls @ 0x5555c5658870] Opening '/cache/transcodes/218a14aba992c944f70df477b96dcca997.mp4' for writing
[hls @ 0x5555c5658870] Opening '/cache/transcodes/218a14aba992c944f70df477b96dcca998.mp4' for writing
[hls @ 0x5555c5658870] Opening '/cache/transcodes/218a14aba992c944f70df477b96dcca999.mp4' for writing
[hls @ 0x5555c5658870] Opening '/cache/transcodes/218a14aba992c944f70df477b96dcca9100.mp4' for writing
[hls @ 0x5555c5658870] Opening '/cache/transcodes/218a14aba992c944f70df477b96dcca9101.mp4' for writing
[hls @ 0x5555c5658870] Opening '/cache/transcodes/218a14aba992c944f70df477b96dcca9102.mp4' for writing
[hls @ 0x5555c5658870] Opening '/cache/transcodes/218a14aba992c944f70df477b96dcca9103.mp4' for writing
[hls @ 0x5555c5658870] Opening '/cache/transcodes/218a14aba992c944f70df477b96dcca9104.mp4' for writing
[hls @ 0x5555c5658870] Opening '/cache/transcodes/218a14aba992c944f70df477b96dcca9105.mp4' for writing
[hls @ 0x5555c5658870] Opening '/cache/transcodes/218a14aba992c944f70df477b96dcca9106.mp4' for writing
[hls @ 0x5555c5658870] Opening '/cache/transcodes/218a14aba992c944f70df477b96dcca9107.mp4' for writing
[hls @ 0x5555c5658870] Opening '/cache/transcodes/218a14aba992c944f70df477b96dcca9108.mp4' for writing
[hls @ 0x5555c5658870] Opening '/cache/transcodes/218a14aba992c944f70df477b96dcca9109.mp4' for writing
[hls @ 0x5555c5658870] Opening '/cache/transcodes/218a14aba992c944f70df477b96dcca9110.mp4' for writing
[hls @ 0x5555c5658870] Opening '/cache/transcodes/218a14aba992c944f70df477b96dcca9111.mp4' for writing
[hls @ 0x5555c5658870] Opening '/cache/transcodes/218a14aba992c944f70df477b96dcca9112.mp4' for writing
[hls @ 0x5555c5658870] Opening '/cache/transcodes/218a14aba992c944f70df477b96dcca9113.mp4' for writing
[hls @ 0x5555c5658870] Opening '/cache/transcodes/218a14aba992c944f70df477b96dcca9114.mp4' for writing
[hls @ 0x5555c5658870] Opening '/cache/transcodes/218a14aba992c944f70df477b96dcca9115.mp4' for writing
[hls @ 0x5555c5658870] Opening '/cache/transcodes/218a14aba992c944f70df477b96dcca9116.mp4' for writing
[hls @ 0x5555c5658870] Opening '/cache/transcodes/218a14aba992c944f70df477b96dcca9117.mp4' for writing
[hls @ 0x5555c5658870] Opening '/cache/transcodes/218a14aba992c944f70df477b96dcca9118.mp4' for writing
[hls @ 0x5555c5658870] Opening '/cache/transcodes/218a14aba992c944f70df477b96dcca9119.mp4' for writing
[hls @ 0x5555c5658870] Opening '/cache/transcodes/218a14aba992c944f70df477b96dcca9120.mp4' for writing
[hls @ 0x5555c5658870] Opening '/cache/transcodes/218a14aba992c944f70df477b96dcca9121.mp4' for writing
[hls @ 0x5555c5658870] Opening '/cache/transcodes/218a14aba992c944f70df477b96dcca9122.mp4' for writing
[hls @ 0x5555c5658870] Opening '/cache/transcodes/218a14aba992c944f70df477b96dcca9123.mp4' for writing
[hls @ 0x5555c5658870] Opening '/cache/transcodes/218a14aba992c944f70df477b96dcca9124.mp4' for writing
[hls @ 0x5555c5658870] Opening '/cache/transcodes/218a14aba992c944f70df477b96dcca9125.mp4' for writing
[hls @ 0x5555c5658870] Opening '/cache/transcodes/218a14aba992c944f70df477b96dcca9126.mp4' for writing
[hls @ 0x5555c5658870] Opening '/cache/transcodes/218a14aba992c944f70df477b96dcca9127.mp4' for writing
[hls @ 0x5555c5658870] Opening '/cache/transcodes/218a14aba992c944f70df477b96dcca9128.mp4' for writing
size=N/A time=00:00:00.00 bitrate=N/A speed=   0x    
[hls @ 0x5555c5658870] Opening '/cache/transcodes/218a14aba992c944f70df477b96dcca9129.mp4' for writing
[hls @ 0x5555c5658870] Opening '/cache/transcodes/218a14aba992c944f70df477b96dcca9130.mp4' for writing
[hls @ 0x5555c5658870] Opening '/cache/transcodes/218a14aba992c944f70df477b96dcca9131.mp4' for writing
[hls @ 0x5555c5658870] Opening '/cache/transcodes/218a14aba992c944f70df477b96dcca9132.mp4' for writing
[hls @ 0x5555c5658870] Opening '/cache/transcodes/218a14aba992c944f70df477b96dcca9133.mp4' for writing
[hls @ 0x5555c5658870] Opening '/cache/transcodes/218a14aba992c944f70df477b96dcca9134.mp4' for writing
[hls @ 0x5555c5658870] Opening '/cache/transcodes/218a14aba992c944f70df477b96dcca9135.mp4' for writing
[hls @ 0x5555c5658870] Opening '/cache/transcodes/218a14aba992c944f70df477b96dcca9136.mp4' for writing
[hls @ 0x5555c5658870] Opening '/cache/transcodes/218a14aba992c944f70df477b96dcca9137.mp4' for writing
[hls @ 0x5555c5658870] Opening '/cache/transcodes/218a14aba992c944f70df477b96dcca9138.mp4' for writing
[hls @ 0x5555c5658870] Opening '/cache/transcodes/218a14aba992c944f70df477b96dcca9139.mp4' for writing
[hls @ 0x5555c5658870] Opening '/cache/transcodes/218a14aba992c944f70df477b96dcca9140.mp4' for writing
[hls @ 0x5555c5658870] Opening '/cache/transcodes/218a14aba992c944f70df477b96dcca9141.mp4' for writing
[hls @ 0x5555c5658870] Opening '/cache/transcodes/218a14aba992c944f70df477b96dcca9142.mp4' for writing
[hls @ 0x5555c5658870] Opening '/cache/transcodes/218a14aba992c944f70df477b96dcca9143.mp4' for writing
[hls @ 0x5555c5658870] Opening '/cache/transcodes/218a14aba992c944f70df477b96dcca9144.mp4' for writing
[hls @ 0x5555c5658870] Opening '/cache/transcodes/218a14aba992c944f70df477b96dcca9145.mp4' for writing
[hls @ 0x5555c5658870] Opening '/cache/transcodes/218a14aba992c944f70df477b96dcca9146.mp4' for writing
[hls @ 0x5555c5658870] Opening '/cache/transcodes/218a14aba992c944f70df477b96dcca9147.mp4' for writing
[hls @ 0x5555c5658870] Opening '/cache/transcodes/218a14aba992c944f70df477b96dcca9148.mp4' for writing
[hls @ 0x5555c5658870] Opening '/cache/transcodes/218a14aba992c944f70df477b96dcca9149.mp4' for writing
[hls @ 0x5555c5658870] Opening '/cache/transcodes/218a14aba992c944f70df477b96dcca9150.mp4' for writing
[hls @ 0x5555c5658870] Opening '/cache/transcodes/218a14aba992c944f70df477b96dcca9151.mp4' for writing
[hls @ 0x5555c5658870] Opening '/cache/transcodes/218a14aba992c944f70df477b96dcca9152.mp4' for writing
[hls @ 0x5555c5658870] Opening '/cache/transcodes/218a14aba992c944f70df477b96dcca9153.mp4' for writing
[hls @ 0x5555c5658870] Opening '/cache/transcodes/218a14aba992c944f70df477b96dcca9154.mp4' for writing
[hls @ 0x5555c5658870] Opening '/cache/transcodes/218a14aba992c944f70df477b96dcca9155.mp4' for writing
[hls @ 0x5555c5658870] Opening '/cache/transcodes/218a14aba992c944f70df477b96dcca9156.mp4' for writing
[hls @ 0x5555c5658870] Opening '/cache/transcodes/218a14aba992c944f70df477b96dcca9157.mp4' for writing
[hls @ 0x5555c5658870] Opening '/cache/transcodes/218a14aba992c944f70df477b96dcca9158.mp4' for writing
[hls @ 0x5555c5658870] Opening '/cache/transcodes/218a14aba992c944f70df477b96dcca9159.mp4' for writing
[hls @ 0x5555c5658870] Opening '/cache/transcodes/218a14aba992c944f70df477b96dcca9160.mp4' for writing
[hls @ 0x5555c5658870] Opening '/cache/transcodes/218a14aba992c944f70df477b96dcca9161.mp4' for writing
[hls @ 0x5555c5658870] Opening '/cache/transcodes/218a14aba992c944f70df477b96dcca9162.mp4' for writing
[hls @ 0x5555c5658870] Opening '/cache/transcodes/218a14aba992c944f70df477b96dcca9163.mp4' for writing
[hls @ 0x5555c5658870] Opening '/cache/transcodes/218a14aba992c944f70df477b96dcca9164.mp4' for writing
[hls @ 0x5555c5658870] Opening '/cache/transcodes/218a14aba992c944f70df477b96dcca9165.mp4' for writing
[hls @ 0x5555c5658870] Opening '/cache/transcodes/218a14aba992c944f70df477b96dcca9166.mp4' for writing
[hls @ 0x5555c5658870] Opening '/cache/transcodes/218a14aba992c944f70df477b96dcca9167.mp4' for writing
[hls @ 0x5555c5658870] Opening '/cache/transcodes/218a14aba992c944f70df477b96dcca9168.mp4' for writing
[hls @ 0x5555c5658870] Opening '/cache/transcodes/218a14aba992c944f70df477b96dcca9169.mp4' for writing
[hls @ 0x5555c5658870] Opening '/cache/transcodes/218a14aba992c944f70df477b96dcca9170.mp4' for writing
[hls @ 0x5555c5658870] Opening '/cache/transcodes/218a14aba992c944f70df477b96dcca9171.mp4' for writing
[hls @ 0x5555c5658870] Opening '/cache/transcodes/218a14aba992c944f70df477b96dcca9172.mp4' for writing
[hls @ 0x5555c5658870] Opening '/cache/transcodes/218a14aba992c944f70df477b96dcca9173.mp4' for writing
[hls @ 0x5555c5658870] Opening '/cache/transcodes/218a14aba992c944f70df477b96dcca9174.mp4' for writing
[hls @ 0x5555c5658870] Opening '/cache/transcodes/218a14aba992c944f70df477b96dcca9175.mp4' for writing
[hls @ 0x5555c5658870] Opening '/cache/transcodes/218a14aba992c944f70df477b96dcca9176.mp4' for writing
[hls @ 0x5555c5658870] Opening '/cache/transcodes/218a14aba992c944f70df477b96dcca9177.mp4' for writing
[hls @ 0x5555c5658870] Opening '/cache/transcodes/218a14aba992c944f70df477b96dcca9178.mp4' for writing
[hls @ 0x5555c5658870] Opening '/cache/transcodes/218a14aba992c944f70df477b96dcca9179.mp4' for writing
[hls @ 0x5555c5658870] Opening '/cache/transcodes/218a14aba992c944f70df477b96dcca9180.mp4' for writing
[hls @ 0x5555c5658870] Opening '/cache/transcodes/218a14aba992c944f70df477b96dcca9181.mp4' for writing
[hls @ 0x5555c5658870] Opening '/cache/transcodes/218a14aba992c944f70df477b96dcca9182.mp4' for writing
[hls @ 0x5555c5658870] Opening '/cache/transcodes/218a14aba992c944f70df477b96dcca9183.mp4' for writing
[hls @ 0x5555c5658870] Opening '/cache/transcodes/218a14aba992c944f70df477b96dcca9184.mp4' for writing
[hls @ 0x5555c5658870] Opening '/cache/transcodes/218a14aba992c944f70df477b96dcca9185.mp4' for writing
[hls @ 0x5555c5658870] Opening '/cache/transcodes/218a14aba992c944f70df477b96dcca9186.mp4' for writing
[hls @ 0x5555c5658870] Opening '/cache/transcodes/218a14aba992c944f70df477b96dcca9187.mp4' for writing
[hls @ 0x5555c5658870] Opening '/cache/transcodes/218a14aba992c944f70df477b96dcca9188.mp4' for writing
[hls @ 0x5555c5658870] Opening '/cache/transcodes/218a14aba992c944f70df477b96dcca9189.mp4' for writing
[hls @ 0x5555c5658870] Opening '/cache/transcodes/218a14aba992c944f70df477b96dcca9190.mp4' for writing
[hls @ 0x5555c5658870] Opening '/cache/transcodes/218a14aba992c944f70df477b96dcca9191.mp4' for writing
[hls @ 0x5555c5658870] Opening '/cache/transcodes/218a14aba992c944f70df477b96dcca9192.mp4' for writing
[hls @ 0x5555c5658870] Opening '/cache/transcodes/218a14aba992c944f70df477b96dcca9193.mp4' for writing
[hls @ 0x5555c5658870] Opening '/cache/transcodes/218a14aba992c944f70df477b96dcca9194.mp4' for writing
[hls @ 0x5555c5658870] Opening '/cache/transcodes/218a14aba992c944f70df477b96dcca9195.mp4' for writing
[hls @ 0x5555c5658870] Opening '/cache/transcodes/218a14aba992c944f70df477b96dcca9196.mp4' for writing
[hls @ 0x5555c5658870] Opening '/cache/transcodes/218a14aba992c944f70df477b96dcca9197.mp4' for writing
[hls @ 0x5555c5658870] Opening '/cache/transcodes/218a14aba992c944f70df477b96dcca9198.mp4' for writing
[hls @ 0x5555c5658870] Opening '/cache/transcodes/218a14aba992c944f70df477b96dcca9199.mp4' for writing
[hls @ 0x5555c5658870] Opening '/cache/transcodes/218a14aba992c944f70df477b96dcca9200.mp4' for writing
[hls @ 0x5555c5658870] Opening '/cache/transcodes/218a14aba992c944f70df477b96dcca9201.mp4' for writing
[hls @ 0x5555c5658870] Opening '/cache/transcodes/218a14aba992c944f70df477b96dcca9202.mp4' for writing
[hls @ 0x5555c5658870] Opening '/cache/transcodes/218a14aba992c944f70df477b96dcca9203.mp4' for writing
[hls @ 0x5555c5658870] Opening '/cache/transcodes/218a14aba992c944f70df477b96dcca9204.mp4' for writing
[hls @ 0x5555c5658870] Opening '/cache/transcodes/218a14aba992c944f70df477b96dcca9205.mp4' for writing
[hls @ 0x5555c5658870] Opening '/cache/transcodes/218a14aba992c944f70df477b96dcca9206.mp4' for writing
[hls @ 0x5555c5658870] Opening '/cache/transcodes/218a14aba992c944f70df477b96dcca9207.mp4' for writing
[hls @ 0x5555c5658870] Opening '/cache/transcodes/218a14aba992c944f70df477b96dcca9208.mp4' for writing
[hls @ 0x5555c5658870] Opening '/cache/transcodes/218a14aba992c944f70df477b96dcca9209.mp4' for writing
[hls @ 0x5555c5658870] Opening '/cache/transcodes/218a14aba992c944f70df477b96dcca9210.mp4' for writing
[hls @ 0x5555c5658870] Opening '/cache/transcodes/218a14aba992c944f70df477b96dcca9211.mp4' for writing
[hls @ 0x5555c5658870] Opening '/cache/transcodes/218a14aba992c944f70df477b96dcca9212.mp4' for writing
[hls @ 0x5555c5658870] Opening '/cache/transcodes/218a14aba992c944f70df477b96dcca9213.mp4' for writing
[hls @ 0x5555c5658870] Opening '/cache/transcodes/218a14aba992c944f70df477b96dcca9214.mp4' for writing
[hls @ 0x5555c5658870] Opening '/cache/transcodes/218a14aba992c944f70df477b96dcca9215.mp4' for writing
[hls @ 0x5555c5658870] Opening '/cache/transcodes/218a14aba992c944f70df477b96dcca9216.mp4' for writing
[hls @ 0x5555c5658870] Opening '/cache/transcodes/218a14aba992c944f70df477b96dcca9217.mp4' for writing
[hls @ 0x5555c5658870] Opening '/cache/transcodes/218a14aba992c944f70df477b96dcca9218.mp4' for writing
[hls @ 0x5555c5658870] Opening '/cache/transcodes/218a14aba992c944f70df477b96dcca9219.mp4' for writing
[hls @ 0x5555c5658870] Opening '/cache/transcodes/218a14aba992c944f70df477b96dcca9220.mp4' for writing
[hls @ 0x5555c5658870] Opening '/cache/transcodes/218a14aba992c944f70df477b96dcca9221.mp4' for writing
[hls @ 0x5555c5658870] Opening '/cache/transcodes/218a14aba992c944f70df477b96dcca9222.mp4' for writing
[hls @ 0x5555c5658870] Opening '/cache/transcodes/218a14aba992c944f70df477b96dcca9223.mp4' for writing
[hls @ 0x5555c5658870] Opening '/cache/transcodes/218a14aba992c944f70df477b96dcca9224.mp4' for writing
[hls @ 0x5555c5658870] Opening '/cache/transcodes/218a14aba992c944f70df477b96dcca9225.mp4' for writing
[hls @ 0x5555c5658870] Opening '/cache/transcodes/218a14aba992c944f70df477b96dcca9226.mp4' for writing
[hls @ 0x5555c5658870] Opening '/cache/transcodes/218a14aba992c944f70df477b96dcca9227.mp4' for writing
[hls @ 0x5555c5658870] Opening '/cache/transcodes/218a14aba992c944f70df477b96dcca9228.mp4' for writing
[hls @ 0x5555c5658870] Opening '/cache/transcodes/218a14aba992c944f70df477b96dcca9229.mp4' for writing
[hls @ 0x5555c5658870] Opening '/cache/transcodes/218a14aba992c944f70df477b96dcca9230.mp4' for writing
[hls @ 0x5555c5658870] Opening '/cache/transcodes/218a14aba992c944f70df477b96dcca9231.mp4' for writing
[hls @ 0x5555c5658870] Opening '/cache/transcodes/218a14aba992c944f70df477b96dcca9232.mp4' for writing
[hls @ 0x5555c5658870] Opening '/cache/transcodes/218a14aba992c944f70df477b96dcca9233.mp4' for writing
[hls @ 0x5555c5658870] Opening '/cache/transcodes/218a14aba992c944f70df477b96dcca9234.mp4' for writing
[hls @ 0x5555c5658870] Opening '/cache/transcodes/218a14aba992c944f70df477b96dcca9235.mp4' for writing
[hls @ 0x5555c5658870] Opening '/cache/transcodes/218a14aba992c944f70df477b96dcca9236.mp4' for writing
[hls @ 0x5555c5658870] Opening '/cache/transcodes/218a14aba992c944f70df477b96dcca9237.mp4' for writing
[hls @ 0x5555c5658870] Opening '/cache/transcodes/218a14aba992c944f70df477b96dcca9238.mp4' for writing
[hls @ 0x5555c5658870] Opening '/cache/transcodes/218a14aba992c944f70df477b96dcca9239.mp4' for writing
[hls @ 0x5555c5658870] Opening '/cache/transcodes/218a14aba992c944f70df477b96dcca9240.mp4' for writing
[hls @ 0x5555c5658870] Opening '/cache/transcodes/218a14aba992c944f70df477b96dcca9241.mp4' for writing
[hls @ 0x5555c5658870] Opening '/cache/transcodes/218a14aba992c944f70df477b96dcca9242.mp4' for writing
[hls @ 0x5555c5658870] Opening '/cache/transcodes/218a14aba992c944f70df477b96dcca9243.mp4' for writing
[hls @ 0x5555c5658870] Opening '/cache/transcodes/218a14aba992c944f70df477b96dcca9244.mp4' for writing
[hls @ 0x5555c5658870] Opening '/cache/transcodes/218a14aba992c944f70df477b96dcca9245.mp4' for writing
[hls @ 0x5555c5658870] Opening '/cache/transcodes/218a14aba992c944f70df477b96dcca9246.mp4' for writing
[hls @ 0x5555c5658870] Opening '/cache/transcodes/218a14aba992c944f70df477b96dcca9247.mp4' for writing
[hls @ 0x5555c5658870] Opening '/cache/transcodes/218a14aba992c944f70df477b96dcca9248.mp4' for writing
[hls @ 0x5555c5658870] Opening '/cache/transcodes/218a14aba992c944f70df477b96dcca9249.mp4' for writing
[hls @ 0x5555c5658870] Opening '/cache/transcodes/218a14aba992c944f70df477b96dcca9250.mp4' for writing
[hls @ 0x5555c5658870] Opening '/cache/transcodes/218a14aba992c944f70df477b96dcca9251.mp4' for writing
[hls @ 0x5555c5658870] Opening '/cache/transcodes/218a14aba992c944f70df477b96dcca9252.mp4' for writing
[hls @ 0x5555c5658870] Opening '/cache/transcodes/218a14aba992c944f70df477b96dcca9253.mp4' for writing
[hls @ 0x5555c5658870] Opening '/cache/transcodes/218a14aba992c944f70df477b96dcca9254.mp4' for writing
[hls @ 0x5555c5658870] Opening '/cache/transcodes/218a14aba992c944f70df477b96dcca9255.mp4' for writing
[hls @ 0x5555c5658870] Opening '/cache/transcodes/218a14aba992c944f70df477b96dcca9256.mp4' for writing
[hls @ 0x5555c5658870] Opening '/cache/transcodes/218a14aba992c944f70df477b96dcca9257.mp4' for writing
[hls @ 0x5555c5658870] Opening '/cache/transcodes/218a14aba992c944f70df477b96dcca9258.mp4' for writing
[hls @ 0x5555c5658870] Opening '/cache/transcodes/218a14aba992c944f70df477b96dcca9259.mp4' for writing
[hls @ 0x5555c5658870] Opening '/cache/transcodes/218a14aba992c944f70df477b96dcca9260.mp4' for writing
[hls @ 0x5555c5658870] Opening '/cache/transcodes/218a14aba992c944f70df477b96dcca9261.mp4' for writing
[hls @ 0x5555c5658870] Opening '/cache/transcodes/218a14aba992c944f70df477b96dcca9262.mp4' for writing
[hls @ 0x5555c5658870] Opening '/cache/transcodes/218a14aba992c944f70df477b96dcca9263.mp4' for writing
[hls @ 0x5555c5658870] Opening '/cache/transcodes/218a14aba992c944f70df477b96dcca9264.mp4' for writing
[hls @ 0x5555c5658870] Opening '/cache/transcodes/218a14aba992c944f70df477b96dcca9265.mp4' for writing
[hls @ 0x5555c5658870] Opening '/cache/transcodes/218a14aba992c944f70df477b96dcca9266.mp4' for writing
[hls @ 0x5555c5658870] Opening '/cache/transcodes/218a14aba992c944f70df477b96dcca9267.mp4' for writing
[hls @ 0x5555c5658870] Opening '/cache/transcodes/218a14aba992c944f70df477b96dcca9268.mp4' for writing
[hls @ 0x5555c5658870] Opening '/cache/transcodes/218a14aba992c944f70df477b96dcca9269.mp4' for writing
[hls @ 0x5555c5658870] Opening '/cache/transcodes/218a14aba992c944f70df477b96dcca9270.mp4' for writing
size=N/A time=00:14:08.70 bitrate=N/A speed= 849x    
[hls @ 0x5555c5658870] Opening '/cache/transcodes/218a14aba992c944f70df477b96dcca9271.mp4' for writing
[hls @ 0x5555c5658870] Opening '/cache/transcodes/218a14aba992c944f70df477b96dcca9272.mp4' for writing
[hls @ 0x5555c5658870] Opening '/cache/transcodes/218a14aba992c944f70df477b96dcca9273.mp4' for writing
[hls @ 0x5555c5658870] Opening '/cache/transcodes/218a14aba992c944f70df477b96dcca9274.mp4' for writing
[hls @ 0x5555c5658870] Opening '/cache/transcodes/218a14aba992c944f70df477b96dcca9275.mp4' for writing
[hls @ 0x5555c5658870] Opening '/cache/transcodes/218a14aba992c944f70df477b96dcca9276.mp4' for writing
[hls @ 0x5555c5658870] Opening '/cache/transcodes/218a14aba992c944f70df477b96dcca9277.mp4' for writing
[hls @ 0x5555c5658870] Opening '/cache/transcodes/218a14aba992c944f70df477b96dcca9278.mp4' for writing
[hls @ 0x5555c5658870] Opening '/cache/transcodes/218a14aba992c944f70df477b96dcca9279.mp4' for writing
[hls @ 0x5555c5658870] Opening '/cache/transcodes/218a14aba992c944f70df477b96dcca9280.mp4' for writing
[hls @ 0x5555c5658870] Opening '/cache/transcodes/218a14aba992c944f70df477b96dcca9281.mp4' for writing
[hls @ 0x5555c5658870] Opening '/cache/transcodes/218a14aba992c944f70df477b96dcca9282.mp4' for writing
[hls @ 0x5555c5658870] Opening '/cache/transcodes/218a14aba992c944f70df477b96dcca9283.mp4' for writing
[hls @ 0x5555c5658870] Opening '/cache/transcodes/218a14aba992c944f70df477b96dcca9284.mp4' for writing
[hls @ 0x5555c5658870] Opening '/cache/transcodes/218a14aba992c944f70df477b96dcca9285.mp4' for writing
[hls @ 0x5555c5658870] Opening '/cache/transcodes/218a14aba992c944f70df477b96dcca9286.mp4' for writing
[hls @ 0x5555c5658870] Opening '/cache/transcodes/218a14aba992c944f70df477b96dcca9287.mp4' for writing
[hls @ 0x5555c5658870] Opening '/cache/transcodes/218a14aba992c944f70df477b96dcca9288.mp4' for writing
[hls @ 0x5555c5658870] Opening '/cache/transcodes/218a14aba992c944f70df477b96dcca9289.mp4' for writing
[hls @ 0x5555c5658870] Opening '/cache/transcodes/218a14aba992c944f70df477b96dcca9290.mp4' for writing
[hls @ 0x5555c5658870] Opening '/cache/transcodes/218a14aba992c944f70df477b96dcca9291.mp4' for writing
[hls @ 0x5555c5658870] Opening '/cache/transcodes/218a14aba992c944f70df477b96dcca9292.mp4' for writing
[hls @ 0x5555c5658870] Opening '/cache/transcodes/218a14aba992c944f70df477b96dcca9293.mp4' for writing
[hls @ 0x5555c5658870] Opening '/cache/transcodes/218a14aba992c944f70df477b96dcca9294.mp4' for writing
[hls @ 0x5555c5658870] Opening '/cache/transcodes/218a14aba992c944f70df477b96dcca9295.mp4' for writing
[hls @ 0x5555c5658870] Opening '/cache/transcodes/218a14aba992c944f70df477b96dcca9296.mp4' for writing
[hls @ 0x5555c5658870] Opening '/cache/transcodes/218a14aba992c944f70df477b96dcca9297.mp4' for writing
[hls @ 0x5555c5658870] Opening '/cache/transcodes/218a14aba992c944f70df477b96dcca9298.mp4' for writing
[hls @ 0x5555c5658870] Opening '/cache/transcodes/218a14aba992c944f70df477b96dcca9299.mp4' for writing
[hls @ 0x5555c5658870] Opening '/cache/transcodes/218a14aba992c944f70df477b96dcca9300.mp4' for writing
[hls @ 0x5555c5658870] Opening '/cache/transcodes/218a14aba992c944f70df477b96dcca9301.mp4' for writing
[hls @ 0x5555c5658870] Opening '/cache/transcodes/218a14aba992c944f70df477b96dcca9302.mp4' for writing
[hls @ 0x5555c5658870] Opening '/cache/transcodes/218a14aba992c944f70df477b96dcca9303.mp4' for writing
[hls @ 0x5555c5658870] Opening '/cache/transcodes/218a14aba992c944f70df477b96dcca9304.mp4' for writing
[hls @ 0x5555c5658870] Opening '/cache/transcodes/218a14aba992c944f70df477b96dcca9305.mp4' for writing
[hls @ 0x5555c5658870] Opening '/cache/transcodes/218a14aba992c944f70df477b96dcca9306.mp4' for writing
[hls @ 0x5555c5658870] Opening '/cache/transcodes/218a14aba992c944f70df477b96dcca9307.mp4' for writing
[hls @ 0x5555c5658870] Opening '/cache/transcodes/218a14aba992c944f70df477b96dcca9308.mp4' for writing
[hls @ 0x5555c5658870] Opening '/cache/transcodes/218a14aba992c944f70df477b96dcca9309.mp4' for writing
[hls @ 0x5555c5658870] Opening '/cache/transcodes/218a14aba992c944f70df477b96dcca9310.mp4' for writing
[hls @ 0x5555c5658870] Opening '/cache/transcodes/218a14aba992c944f70df477b96dcca9311.mp4' for writing
[hls @ 0x5555c5658870] Opening '/cache/transcodes/218a14aba992c944f70df477b96dcca9312.mp4' for writing
[hls @ 0x5555c5658870] Opening '/cache/transcodes/218a14aba992c944f70df477b96dcca9313.mp4' for writing
[hls @ 0x5555c5658870] Opening '/cache/transcodes/218a14aba992c944f70df477b96dcca9314.mp4' for writing
[hls @ 0x5555c5658870] Opening '/cache/transcodes/218a14aba992c944f70df477b96dcca9315.mp4' for writing
[hls @ 0x5555c5658870] Opening '/cache/transcodes/218a14aba992c944f70df477b96dcca9316.mp4' for writing
[hls @ 0x5555c5658870] Opening '/cache/transcodes/218a14aba992c944f70df477b96dcca9317.mp4' for writing
[hls @ 0x5555c5658870] Opening '/cache/transcodes/218a14aba992c944f70df477b96dcca9318.mp4' for writing
[hls @ 0x5555c5658870] Opening '/cache/transcodes/218a14aba992c944f70df477b96dcca9319.mp4' for writing
[hls @ 0x5555c5658870] Opening '/cache/transcodes/218a14aba992c944f70df477b96dcca9320.mp4' for writing
[hls @ 0x5555c5658870] Opening '/cache/transcodes/218a14aba992c944f70df477b96dcca9321.mp4' for writing
[hls @ 0x5555c5658870] Opening '/cache/transcodes/218a14aba992c944f70df477b96dcca9322.mp4' for writing
[hls @ 0x5555c5658870] Opening '/cache/transcodes/218a14aba992c944f70df477b96dcca9323.mp4' for writing
[hls @ 0x5555c5658870] Opening '/cache/transcodes/218a14aba992c944f70df477b96dcca9324.mp4' for writing
[hls @ 0x5555c5658870] Opening '/cache/transcodes/218a14aba992c944f70df477b96dcca9325.mp4' for writing
[hls @ 0x5555c5658870] Opening '/cache/transcodes/218a14aba992c944f70df477b96dcca9326.mp4' for writing
[hls @ 0x5555c5658870] Opening '/cache/transcodes/218a14aba992c944f70df477b96dcca9327.mp4' for writing
[hls @ 0x5555c5658870] Opening '/cache/transcodes/218a14aba992c944f70df477b96dcca9328.mp4' for writing
[hls @ 0x5555c5658870] Opening '/cache/transcodes/218a14aba992c944f70df477b96dcca9329.mp4' for writing
[hls @ 0x5555c5658870] Opening '/cache/transcodes/218a14aba992c944f70df477b96dcca9330.mp4' for writing
[hls @ 0x5555c5658870] Opening '/cache/transcodes/218a14aba992c944f70df477b96dcca9331.mp4' for writing
[hls @ 0x5555c5658870] Opening '/cache/transcodes/218a14aba992c944f70df477b96dcca9332.mp4' for writing
[hls @ 0x5555c5658870] Opening '/cache/transcodes/218a14aba992c944f70df477b96dcca9333.mp4' for writing
[hls @ 0x5555c5658870] Opening '/cache/transcodes/218a14aba992c944f70df477b96dcca9334.mp4' for writing
[hls @ 0x5555c5658870] Opening '/cache/transcodes/218a14aba992c944f70df477b96dcca9335.mp4' for writing
[hls @ 0x5555c5658870] Opening '/cache/transcodes/218a14aba992c944f70df477b96dcca9336.mp4' for writing
[hls @ 0x5555c5658870] Opening '/cache/transcodes/218a14aba992c944f70df477b96dcca9337.mp4' for writing
[hls @ 0x5555c5658870] Opening '/cache/transcodes/218a14aba992c944f70df477b96dcca9338.mp4' for writing
[hls @ 0x5555c5658870] Opening '/cache/transcodes/218a14aba992c944f70df477b96dcca9339.mp4' for writing
[hls @ 0x5555c5658870] Opening '/cache/transcodes/218a14aba992c944f70df477b96dcca9340.mp4' for writing
[hls @ 0x5555c5658870] Opening '/cache/transcodes/218a14aba992c944f70df477b96dcca9341.mp4' for writing
[hls @ 0x5555c5658870] Opening '/cache/transcodes/218a14aba992c944f70df477b96dcca9342.mp4' for writing
[hls @ 0x5555c5658870] Opening '/cache/transcodes/218a14aba992c944f70df477b96dcca9343.mp4' for writing
[hls @ 0x5555c5658870] Opening '/cache/transcodes/218a14aba992c944f70df477b96dcca9344.mp4' for writing
[hls @ 0x5555c5658870] Opening '/cache/transcodes/218a14aba992c944f70df477b96dcca9345.mp4' for writing
[hls @ 0x5555c5658870] Opening '/cache/transcodes/218a14aba992c944f70df477b96dcca9346.mp4' for writing
[hls @ 0x5555c5658870] Opening '/cache/transcodes/218a14aba992c944f70df477b96dcca9347.mp4' for writing
[hls @ 0x5555c5658870] Opening '/cache/transcodes/218a14aba992c944f70df477b96dcca9348.mp4' for writing
[hls @ 0x5555c5658870] Opening '/cache/transcodes/218a14aba992c944f70df477b96dcca9349.mp4' for writing
[hls @ 0x5555c5658870] Opening '/cache/transcodes/218a14aba992c944f70df477b96dcca9350.mp4' for writing
[hls @ 0x5555c5658870] Opening '/cache/transcodes/218a14aba992c944f70df477b96dcca9351.mp4' for writing
[hls @ 0x5555c5658870] Opening '/cache/transcodes/218a14aba992c944f70df477b96dcca9352.mp4' for writing
[hls @ 0x5555c5658870] Opening '/cache/transcodes/218a14aba992c944f70df477b96dcca9353.mp4' for writing
[hls @ 0x5555c5658870] Opening '/cache/transcodes/218a14aba992c944f70df477b96dcca9354.mp4' for writing
[hls @ 0x5555c5658870] Opening '/cache/transcodes/218a14aba992c944f70df477b96dcca9355.mp4' for writing
[hls @ 0x5555c5658870] Opening '/cache/transcodes/218a14aba992c944f70df477b96dcca9356.mp4' for writing
[hls @ 0x5555c5658870] Opening '/cache/transcodes/218a14aba992c944f70df477b96dcca9357.mp4' for writing
[hls @ 0x5555c5658870] Opening '/cache/transcodes/218a14aba992c944f70df477b96dcca9358.mp4' for writing
[hls @ 0x5555c5658870] Opening '/cache/transcodes/218a14aba992c944f70df477b96dcca9359.mp4' for writing
[hls @ 0x5555c5658870] Opening '/cache/transcodes/218a14aba992c944f70df477b96dcca9360.mp4' for writing
[hls @ 0x5555c5658870] Opening '/cache/transcodes/218a14aba992c944f70df477b96dcca9361.mp4' for writing
[hls @ 0x5555c5658870] Opening '/cache/transcodes/218a14aba992c944f70df477b96dcca9362.mp4' for writing
[hls @ 0x5555c5658870] Opening '/cache/transcodes/218a14aba992c944f70df477b96dcca9363.mp4' for writing
[hls @ 0x5555c5658870] Opening '/cache/transcodes/218a14aba992c944f70df477b96dcca9364.mp4' for writing
[hls @ 0x5555c5658870] Opening '/cache/transcodes/218a14aba992c944f70df477b96dcca9365.mp4' for writing
[hls @ 0x5555c5658870] Opening '/cache/transcodes/218a14aba992c944f70df477b96dcca9366.mp4' for writing
[hls @ 0x5555c5658870] Opening '/cache/transcodes/218a14aba992c944f70df477b96dcca9367.mp4' for writing
[hls @ 0x5555c5658870] Opening '/cache/transcodes/218a14aba992c944f70df477b96dcca9368.mp4' for writing
[hls @ 0x5555c5658870] Opening '/cache/transcodes/218a14aba992c944f70df477b96dcca9369.mp4' for writing
[hls @ 0x5555c5658870] Opening '/cache/transcodes/218a14aba992c944f70df477b96dcca9370.mp4' for writing
[hls @ 0x5555c5658870] Opening '/cache/transcodes/218a14aba992c944f70df477b96dcca9371.mp4' for writing
[hls @ 0x5555c5658870] Opening '/cache/transcodes/218a14aba992c944f70df477b96dcca9372.mp4' for writing
[hls @ 0x5555c5658870] Opening '/cache/transcodes/218a14aba992c944f70df477b96dcca9373.mp4' for writing
[hls @ 0x5555c5658870] Opening '/cache/transcodes/218a14aba992c944f70df477b96dcca9374.mp4' for writing
[hls @ 0x5555c5658870] Opening '/cache/transcodes/218a14aba992c944f70df477b96dcca9375.mp4' for writing
[hls @ 0x5555c5658870] Opening '/cache/transcodes/218a14aba992c944f70df477b96dcca9376.mp4' for writing
[hls @ 0x5555c5658870] Opening '/cache/transcodes/218a14aba992c944f70df477b96dcca9377.mp4' for writing
[hls @ 0x5555c5658870] Opening '/cache/transcodes/218a14aba992c944f70df477b96dcca9378.mp4' for writing
[hls @ 0x5555c5658870] Opening '/cache/transcodes/218a14aba992c944f70df477b96dcca9379.mp4' for writing
[hls @ 0x5555c5658870] Opening '/cache/transcodes/218a14aba992c944f70df477b96dcca9380.mp4' for writing
[hls @ 0x5555c5658870] Opening '/cache/transcodes/218a14aba992c944f70df477b96dcca9381.mp4' for writing
[hls @ 0x5555c5658870] Opening '/cache/transcodes/218a14aba992c944f70df477b96dcca9382.mp4' for writing
[hls @ 0x5555c5658870] Opening '/cache/transcodes/218a14aba992c944f70df477b96dcca9383.mp4' for writing
[hls @ 0x5555c5658870] Opening '/cache/transcodes/218a14aba992c944f70df477b96dcca9384.mp4' for writing
[hls @ 0x5555c5658870] Opening '/cache/transcodes/218a14aba992c944f70df477b96dcca9385.mp4' for writing
[hls @ 0x5555c5658870] Opening '/cache/transcodes/218a14aba992c944f70df477b96dcca9386.mp4' for writing
[hls @ 0x5555c5658870] Opening '/cache/transcodes/218a14aba992c944f70df477b96dcca9387.mp4' for writing
[hls @ 0x5555c5658870] Opening '/cache/transcodes/218a14aba992c944f70df477b96dcca9388.mp4' for writing
[hls @ 0x5555c5658870] Opening '/cache/transcodes/218a14aba992c944f70df477b96dcca9389.mp4' for writing
[hls @ 0x5555c5658870] Opening '/cache/transcodes/218a14aba992c944f70df477b96dcca9390.mp4' for writing
[hls @ 0x5555c5658870] Opening '/cache/transcodes/218a14aba992c944f70df477b96dcca9391.mp4' for writing
[hls @ 0x5555c5658870] Opening '/cache/transcodes/218a14aba992c944f70df477b96dcca9392.mp4' for writing
[hls @ 0x5555c5658870] Opening '/cache/transcodes/218a14aba992c944f70df477b96dcca9393.mp4' for writing
[hls @ 0x5555c5658870] Opening '/cache/transcodes/218a14aba992c944f70df477b96dcca9394.mp4' for writing
[hls @ 0x5555c5658870] Opening '/cache/transcodes/218a14aba992c944f70df477b96dcca9395.mp4' for writing
[hls @ 0x5555c5658870] Opening '/cache/transcodes/218a14aba992c944f70df477b96dcca9396.mp4' for writing
[hls @ 0x5555c5658870] Opening '/cache/transcodes/218a14aba992c944f70df477b96dcca9397.mp4' for writing
[hls @ 0x5555c5658870] Opening '/cache/transcodes/218a14aba992c944f70df477b96dcca9398.mp4' for writing
[hls @ 0x5555c5658870] Opening '/cache/transcodes/218a14aba992c944f70df477b96dcca9399.mp4' for writing
[hls @ 0x5555c5658870] Opening '/cache/transcodes/218a14aba992c944f70df477b96dcca9400.mp4' for writing
[hls @ 0x5555c5658870] Opening '/cache/transcodes/218a14aba992c944f70df477b96dcca9401.mp4' for writing
[hls @ 0x5555c5658870] Opening '/cache/transcodes/218a14aba992c944f70df477b96dcca9402.mp4' for writing
[hls @ 0x5555c5658870] Opening '/cache/transcodes/218a14aba992c944f70df477b96dcca9403.mp4' for writing
[hls @ 0x5555c5658870] Opening '/cache/transcodes/218a14aba992c944f70df477b96dcca9404.mp4' for writing
[hls @ 0x5555c5658870] Opening '/cache/transcodes/218a14aba992c944f70df477b96dcca9405.mp4' for writing
[hls @ 0x5555c5658870] Opening '/cache/transcodes/218a14aba992c944f70df477b96dcca9406.mp4' for writing
[hls @ 0x5555c5658870] Opening '/cache/transcodes/218a14aba992c944f70df477b96dcca9407.mp4' for writing
[hls @ 0x5555c5658870] Opening '/cache/transcodes/218a14aba992c944f70df477b96dcca9408.mp4' for writing
[hls @ 0x5555c5658870] Opening '/cache/transcodes/218a14aba992c944f70df477b96dcca9409.mp4' for writing
[hls @ 0x5555c5658870] Opening '/cache/transcodes/218a14aba992c944f70df477b96dcca9410.mp4' for writing
[hls @ 0x5555c5658870] Opening '/cache/transcodes/218a14aba992c944f70df477b96dcca9411.mp4' for writing
[hls @ 0x5555c5658870] Opening '/cache/transcodes/218a14aba992c944f70df477b96dcca9412.mp4' for writing
[hls @ 0x5555c5658870] Opening '/cache/transcodes/218a14aba992c944f70df477b96dcca9413.mp4' for writing
[hls @ 0x5555c5658870] Opening '/cache/transcodes/218a14aba992c944f70df477b96dcca9414.mp4' for writing
[hls @ 0x5555c5658870] Opening '/cache/transcodes/218a14aba992c944f70df477b96dcca9415.mp4' for writing
[hls @ 0x5555c5658870] Opening '/cache/transcodes/218a14aba992c944f70df477b96dcca9416.mp4' for writing
[hls @ 0x5555c5658870] Opening '/cache/transcodes/218a14aba992c944f70df477b96dcca9417.mp4' for writing
[hls @ 0x5555c5658870] Opening '/cache/transcodes/218a14aba992c944f70df477b96dcca9418.mp4' for writing
[hls @ 0x5555c5658870] Opening '/cache/transcodes/218a14aba992c944f70df477b96dcca9419.mp4' for writing
[hls @ 0x5555c5658870] Opening '/cache/transcodes/218a14aba992c944f70df477b96dcca9420.mp4' for writing
[hls @ 0x5555c5658870] Opening '/cache/transcodes/218a14aba992c944f70df477b96dcca9421.mp4' for writing
[hls @ 0x5555c5658870] Opening '/cache/transcodes/218a14aba992c944f70df477b96dcca9422.mp4' for writing
[hls @ 0x5555c5658870] Opening '/cache/transcodes/218a14aba992c944f70df477b96dcca9423.mp4' for writing
[hls @ 0x5555c5658870] Opening '/cache/transcodes/218a14aba992c944f70df477b96dcca9424.mp4' for writing
[hls @ 0x5555c5658870] Opening '/cache/transcodes/218a14aba992c944f70df477b96dcca9425.mp4' for writing
[hls @ 0x5555c5658870] Opening '/cache/transcodes/218a14aba992c944f70df477b96dcca9426.mp4' for writing
[hls @ 0x5555c5658870] Opening '/cache/transcodes/218a14aba992c944f70df477b96dcca9427.mp4' for writing
[hls @ 0x5555c5658870] Opening '/cache/transcodes/218a14aba992c944f70df477b96dcca9428.mp4' for writing
[hls @ 0x5555c5658870] Opening '/cache/transcodes/218a14aba992c944f70df477b96dcca9429.mp4' for writing
[hls @ 0x5555c5658870] Opening '/cache/transcodes/218a14aba992c944f70df477b96dcca9430.mp4' for writing
[hls @ 0x5555c5658870] Opening '/cache/transcodes/218a14aba992c944f70df477b96dcca9431.mp4' for writing
[hls @ 0x5555c5658870] Opening '/cache/transcodes/218a14aba992c944f70df477b96dcca9432.mp4' for writing
[hls @ 0x5555c5658870] Opening '/cache/transcodes/218a14aba992c944f70df477b96dcca9433.mp4' for writing
[hls @ 0x5555c5658870] Opening '/cache/transcodes/218a14aba992c944f70df477b96dcca9434.mp4' for writing
[hls @ 0x5555c5658870] Opening '/cache/transcodes/218a14aba992c944f70df477b96dcca9435.mp4' for writing
size=N/A time=00:31:35.32 bitrate=N/A speed=1.26e+03x    
[hls @ 0x5555c5658870] Opening '/cache/transcodes/218a14aba992c944f70df477b96dcca9436.mp4' for writing
[hls @ 0x5555c5658870] Opening '/cache/transcodes/218a14aba992c944f70df477b96dcca9437.mp4' for writing
[hls @ 0x5555c5658870] Opening '/cache/transcodes/218a14aba992c944f70df477b96dcca9438.mp4' for writing
[hls @ 0x5555c5658870] Opening '/cache/transcodes/218a14aba992c944f70df477b96dcca9439.mp4' for writing
[hls @ 0x5555c5658870] Opening '/cache/transcodes/218a14aba992c944f70df477b96dcca9440.mp4' for writing
[hls @ 0x5555c5658870] Opening '/cache/transcodes/218a14aba992c944f70df477b96dcca9441.mp4' for writing
[hls @ 0x5555c5658870] Opening '/cache/transcodes/218a14aba992c944f70df477b96dcca9442.mp4' for writing
[hls @ 0x5555c5658870] Opening '/cache/transcodes/218a14aba992c944f70df477b96dcca9443.mp4' for writing
[hls @ 0x5555c5658870] Opening '/cache/transcodes/218a14aba992c944f70df477b96dcca9444.mp4' for writing
[hls @ 0x5555c5658870] Opening '/cache/transcodes/218a14aba992c944f70df477b96dcca9445.mp4' for writing
[hls @ 0x5555c5658870] Opening '/cache/transcodes/218a14aba992c944f70df477b96dcca9446.mp4' for writing
[hls @ 0x5555c5658870] Opening '/cache/transcodes/218a14aba992c944f70df477b96dcca9447.mp4' for writing
[hls @ 0x5555c5658870] Opening '/cache/transcodes/218a14aba992c944f70df477b96dcca9448.mp4' for writing
[hls @ 0x5555c5658870] Opening '/cache/transcodes/218a14aba992c944f70df477b96dcca9449.mp4' for writing
[hls @ 0x5555c5658870] Opening '/cache/transcodes/218a14aba992c944f70df477b96dcca9450.mp4' for writing
[hls @ 0x5555c5658870] Opening '/cache/transcodes/218a14aba992c944f70df477b96dcca9451.mp4' for writing
[hls @ 0x5555c5658870] Opening '/cache/transcodes/218a14aba992c944f70df477b96dcca9452.mp4' for writing
[hls @ 0x5555c5658870] Opening '/cache/transcodes/218a14aba992c944f70df477b96dcca9453.mp4' for writing
[hls @ 0x5555c5658870] Opening '/cache/transcodes/218a14aba992c944f70df477b96dcca9454.mp4' for writing
[hls @ 0x5555c5658870] Opening '/cache/transcodes/218a14aba992c944f70df477b96dcca9455.mp4' for writing
[hls @ 0x5555c5658870] Opening '/cache/transcodes/218a14aba992c944f70df477b96dcca9456.mp4' for writing
[hls @ 0x5555c5658870] Opening '/cache/transcodes/218a14aba992c944f70df477b96dcca9457.mp4' for writing
[hls @ 0x5555c5658870] Opening '/cache/transcodes/218a14aba992c944f70df477b96dcca9458.mp4' for writing
[hls @ 0x5555c5658870] Opening '/cache/transcodes/218a14aba992c944f70df477b96dcca9459.mp4' for writing
[hls @ 0x5555c5658870] Opening '/cache/transcodes/218a14aba992c944f70df477b96dcca9460.mp4' for writing
[hls @ 0x5555c5658870] Opening '/cache/transcodes/218a14aba992c944f70df477b96dcca9461.mp4' for writing
[hls @ 0x5555c5658870] Opening '/cache/transcodes/218a14aba992c944f70df477b96dcca9462.mp4' for writing
[hls @ 0x5555c5658870] Opening '/cache/transcodes/218a14aba992c944f70df477b96dcca9463.mp4' for writing
[hls @ 0x5555c5658870] Opening '/cache/transcodes/218a14aba992c944f70df477b96dcca9464.mp4' for writing
[hls @ 0x5555c5658870] Opening '/cache/transcodes/218a14aba992c944f70df477b96dcca9465.mp4' for writing
[hls @ 0x5555c5658870] Opening '/cache/transcodes/218a14aba992c944f70df477b96dcca9466.mp4' for writing
[hls @ 0x5555c5658870] Opening '/cache/transcodes/218a14aba992c944f70df477b96dcca9467.mp4' for writing
[hls @ 0x5555c5658870] Opening '/cache/transcodes/218a14aba992c944f70df477b96dcca9468.mp4' for writing
[hls @ 0x5555c5658870] Opening '/cache/transcodes/218a14aba992c944f70df477b96dcca9469.mp4' for writing
[hls @ 0x5555c5658870] Opening '/cache/transcodes/218a14aba992c944f70df477b96dcca9470.mp4' for writing
[hls @ 0x5555c5658870] Opening '/cache/transcodes/218a14aba992c944f70df477b96dcca9471.mp4' for writing
[hls @ 0x5555c5658870] Opening '/cache/transcodes/218a14aba992c944f70df477b96dcca9472.mp4' for writing
[hls @ 0x5555c5658870] Opening '/cache/transcodes/218a14aba992c944f70df477b96dcca9473.mp4' for writing
[hls @ 0x5555c5658870] Opening '/cache/transcodes/218a14aba992c944f70df477b96dcca9474.mp4' for writing
[hls @ 0x5555c5658870] Opening '/cache/transcodes/218a14aba992c944f70df477b96dcca9475.mp4' for writing
[hls @ 0x5555c5658870] Opening '/cache/transcodes/218a14aba992c944f70df477b96dcca9476.mp4' for writing
[hls @ 0x5555c5658870] Opening '/cache/transcodes/218a14aba992c944f70df477b96dcca9477.mp4' for writing
[hls @ 0x5555c5658870] Opening '/cache/transcodes/218a14aba992c944f70df477b96dcca9478.mp4' for writing
[hls @ 0x5555c5658870] Opening '/cache/transcodes/218a14aba992c944f70df477b96dcca9479.mp4' for writing
[hls @ 0x5555c5658870] Opening '/cache/transcodes/218a14aba992c944f70df477b96dcca9480.mp4' for writing
[hls @ 0x5555c5658870] Opening '/cache/transcodes/218a14aba992c944f70df477b96dcca9481.mp4' for writing
[hls @ 0x5555c5658870] Opening '/cache/transcodes/218a14aba992c944f70df477b96dcca9482.mp4' for writing
[hls @ 0x5555c5658870] Opening '/cache/transcodes/218a14aba992c944f70df477b96dcca9483.mp4' for writing
[hls @ 0x5555c5658870] Opening '/cache/transcodes/218a14aba992c944f70df477b96dcca9484.mp4' for writing
[hls @ 0x5555c5658870] Opening '/cache/transcodes/218a14aba992c944f70df477b96dcca9485.mp4' for writing
[hls @ 0x5555c5658870] Opening '/cache/transcodes/218a14aba992c944f70df477b96dcca9486.mp4' for writing
[hls @ 0x5555c5658870] Opening '/cache/transcodes/218a14aba992c944f70df477b96dcca9487.mp4' for writing
[hls @ 0x5555c5658870] Opening '/cache/transcodes/218a14aba992c944f70df477b96dcca9488.mp4' for writing
[hls @ 0x5555c5658870] Opening '/cache/transcodes/218a14aba992c944f70df477b96dcca9489.mp4' for writing
[hls @ 0x5555c5658870] Opening '/cache/transcodes/218a14aba992c944f70df477b96dcca9490.mp4' for writing
[hls @ 0x5555c5658870] Opening '/cache/transcodes/218a14aba992c944f70df477b96dcca9491.mp4' for writing
[hls @ 0x5555c5658870] Opening '/cache/transcodes/218a14aba992c944f70df477b96dcca9492.mp4' for writing
[hls @ 0x5555c5658870] Opening '/cache/transcodes/218a14aba992c944f70df477b96dcca9493.mp4' for writing
[hls @ 0x5555c5658870] Opening '/cache/transcodes/218a14aba992c944f70df477b96dcca9494.mp4' for writing
[hls @ 0x5555c5658870] Opening '/cache/transcodes/218a14aba992c944f70df477b96dcca9495.mp4' for writing
[hls @ 0x5555c5658870] Opening '/cache/transcodes/218a14aba992c944f70df477b96dcca9496.mp4' for writing
[hls @ 0x5555c5658870] Opening '/cache/transcodes/218a14aba992c944f70df477b96dcca9497.mp4' for writing
[hls @ 0x5555c5658870] Opening '/cache/transcodes/218a14aba992c944f70df477b96dcca9498.mp4' for writing
[hls @ 0x5555c5658870] Opening '/cache/transcodes/218a14aba992c944f70df477b96dcca9499.mp4' for writing
[hls @ 0x5555c5658870] Opening '/cache/transcodes/218a14aba992c944f70df477b96dcca9500.mp4' for writing
[hls @ 0x5555c5658870] Opening '/cache/transcodes/218a14aba992c944f70df477b96dcca9501.mp4' for writing
[hls @ 0x5555c5658870] Opening '/cache/transcodes/218a14aba992c944f70df477b96dcca9502.mp4' for writing
[hls @ 0x5555c5658870] Opening '/cache/transcodes/218a14aba992c944f70df477b96dcca9503.mp4' for writing
[hls @ 0x5555c5658870] Opening '/cache/transcodes/218a14aba992c944f70df477b96dcca9504.mp4' for writing
[hls @ 0x5555c5658870] Opening '/cache/transcodes/218a14aba992c944f70df477b96dcca9505.mp4' for writing
[hls @ 0x5555c5658870] Opening '/cache/transcodes/218a14aba992c944f70df477b96dcca9506.mp4' for writing
[hls @ 0x5555c5658870] Opening '/cache/transcodes/218a14aba992c944f70df477b96dcca9507.mp4' for writing
[hls @ 0x5555c5658870] Opening '/cache/transcodes/218a14aba992c944f70df477b96dcca9508.mp4' for writing
[hls @ 0x5555c5658870] Opening '/cache/transcodes/218a14aba992c944f70df477b96dcca9509.mp4' for writing
[hls @ 0x5555c5658870] Opening '/cache/transcodes/218a14aba992c944f70df477b96dcca9510.mp4' for writing
[hls @ 0x5555c5658870] Opening '/cache/transcodes/218a14aba992c944f70df477b96dcca9511.mp4' for writing
[hls @ 0x5555c5658870] Opening '/cache/transcodes/218a14aba992c944f70df477b96dcca9512.mp4' for writing
[hls @ 0x5555c5658870] Opening '/cache/transcodes/218a14aba992c944f70df477b96dcca9513.mp4' for writing
[hls @ 0x5555c5658870] Opening '/cache/transcodes/218a14aba992c944f70df477b96dcca9514.mp4' for writing
[hls @ 0x5555c5658870] Opening '/cache/transcodes/218a14aba992c944f70df477b96dcca9515.mp4' for writing
[hls @ 0x5555c5658870] Opening '/cache/transcodes/218a14aba992c944f70df477b96dcca9516.mp4' for writing
[hls @ 0x5555c5658870] Opening '/cache/transcodes/218a14aba992c944f70df477b96dcca9517.mp4' for writing
[hls @ 0x5555c5658870] Opening '/cache/transcodes/218a14aba992c944f70df477b96dcca9518.mp4' for writing
[hls @ 0x5555c5658870] Opening '/cache/transcodes/218a14aba992c944f70df477b96dcca9519.mp4' for writing
[hls @ 0x5555c5658870] Opening '/cache/transcodes/218a14aba992c944f70df477b96dcca9520.mp4' for writing
[hls @ 0x5555c5658870] Opening '/cache/transcodes/218a14aba992c944f70df477b96dcca9521.mp4' for writing
[hls @ 0x5555c5658870] Opening '/cache/transcodes/218a14aba992c944f70df477b96dcca9522.mp4' for writing
[hls @ 0x5555c5658870] Opening '/cache/transcodes/218a14aba992c944f70df477b96dcca9523.mp4' for writing
[hls @ 0x5555c5658870] Opening '/cache/transcodes/218a14aba992c944f70df477b96dcca9524.mp4' for writing
[hls @ 0x5555c5658870] Opening '/cache/transcodes/218a14aba992c944f70df477b96dcca9525.mp4' for writing
[hls @ 0x5555c5658870] Opening '/cache/transcodes/218a14aba992c944f70df477b96dcca9526.mp4' for writing
[hls @ 0x5555c5658870] Opening '/cache/transcodes/218a14aba992c944f70df477b96dcca9527.mp4' for writing
[hls @ 0x5555c5658870] Opening '/cache/transcodes/218a14aba992c944f70df477b96dcca9528.mp4' for writing
[hls @ 0x5555c5658870] Opening '/cache/transcodes/218a14aba992c944f70df477b96dcca9529.mp4' for writing
[hls @ 0x5555c5658870] Opening '/cache/transcodes/218a14aba992c944f70df477b96dcca9530.mp4' for writing
[hls @ 0x5555c5658870] Opening '/cache/transcodes/218a14aba992c944f70df477b96dcca9531.mp4' for writing
[hls @ 0x5555c5658870] Opening '/cache/transcodes/218a14aba992c944f70df477b96dcca9532.mp4' for writing
[hls @ 0x5555c5658870] Opening '/cache/transcodes/218a14aba992c944f70df477b96dcca9533.mp4' for writing
[hls @ 0x5555c5658870] Opening '/cache/transcodes/218a14aba992c944f70df477b96dcca9534.mp4' for writing
[hls @ 0x5555c5658870] Opening '/cache/transcodes/218a14aba992c944f70df477b96dcca9535.mp4' for writing
[hls @ 0x5555c5658870] Opening '/cache/transcodes/218a14aba992c944f70df477b96dcca9536.mp4' for writing
[hls @ 0x5555c5658870] Opening '/cache/transcodes/218a14aba992c944f70df477b96dcca9537.mp4' for writing
[hls @ 0x5555c5658870] Opening '/cache/transcodes/218a14aba992c944f70df477b96dcca9538.mp4' for writing
[hls @ 0x5555c5658870] Opening '/cache/transcodes/218a14aba992c944f70df477b96dcca9539.mp4' for writing
[hls @ 0x5555c5658870] Opening '/cache/transcodes/218a14aba992c944f70df477b96dcca9540.mp4' for writing
[hls @ 0x5555c5658870] Opening '/cache/transcodes/218a14aba992c944f70df477b96dcca9541.mp4' for writing
[hls @ 0x5555c5658870] Opening '/cache/transcodes/218a14aba992c944f70df477b96dcca9542.mp4' for writing
[hls @ 0x5555c5658870] Opening '/cache/transcodes/218a14aba992c944f70df477b96dcca9543.mp4' for writing
[hls @ 0x5555c5658870] Opening '/cache/transcodes/218a14aba992c944f70df477b96dcca9544.mp4' for writing
[hls @ 0x5555c5658870] Opening '/cache/transcodes/218a14aba992c944f70df477b96dcca9545.mp4' for writing
[hls @ 0x5555c5658870] Opening '/cache/transcodes/218a14aba992c944f70df477b96dcca9546.mp4' for writing
[hls @ 0x5555c5658870] Opening '/cache/transcodes/218a14aba992c944f70df477b96dcca9547.mp4' for writing
[hls @ 0x5555c5658870] Opening '/cache/transcodes/218a14aba992c944f70df477b96dcca9548.mp4' for writing
[hls @ 0x5555c5658870] Opening '/cache/transcodes/218a14aba992c944f70df477b96dcca9549.mp4' for writing
[hls @ 0x5555c5658870] Opening '/cache/transcodes/218a14aba992c944f70df477b96dcca9550.mp4' for writing
[hls @ 0x5555c5658870] Opening '/cache/transcodes/218a14aba992c944f70df477b96dcca9551.mp4' for writing
[hls @ 0x5555c5658870] Opening '/cache/transcodes/218a14aba992c944f70df477b96dcca9552.mp4' for writing
[hls @ 0x5555c5658870] Opening '/cache/transcodes/218a14aba992c944f70df477b96dcca9553.mp4' for writing
[hls @ 0x5555c5658870] Opening '/cache/transcodes/218a14aba992c944f70df477b96dcca9554.mp4' for writing
[hls @ 0x5555c5658870] Opening '/cache/transcodes/218a14aba992c944f70df477b96dcca9555.mp4' for writing
[hls @ 0x5555c5658870] Opening '/cache/transcodes/218a14aba992c944f70df477b96dcca9556.mp4' for writing
[hls @ 0x5555c5658870] Opening '/cache/transcodes/218a14aba992c944f70df477b96dcca9557.mp4' for writing
[hls @ 0x5555c5658870] Opening '/cache/transcodes/218a14aba992c944f70df477b96dcca9558.mp4' for writing
[hls @ 0x5555c5658870] Opening '/cache/transcodes/218a14aba992c944f70df477b96dcca9559.mp4' for writing
[hls @ 0x5555c5658870] Opening '/cache/transcodes/218a14aba992c944f70df477b96dcca9560.mp4' for writing
[hls @ 0x5555c5658870] Opening '/cache/transcodes/218a14aba992c944f70df477b96dcca9561.mp4' for writing
[hls @ 0x5555c5658870] Opening '/cache/transcodes/218a14aba992c944f70df477b96dcca9562.mp4' for writing
[hls @ 0x5555c5658870] Opening '/cache/transcodes/218a14aba992c944f70df477b96dcca9563.mp4' for writing
[hls @ 0x5555c5658870] Opening '/cache/transcodes/218a14aba992c944f70df477b96dcca9564.mp4' for writing
[hls @ 0x5555c5658870] Opening '/cache/transcodes/218a14aba992c944f70df477b96dcca9565.mp4' for writing
[hls @ 0x5555c5658870] Opening '/cache/transcodes/218a14aba992c944f70df477b96dcca9566.mp4' for writing
[hls @ 0x5555c5658870] Opening '/cache/transcodes/218a14aba992c944f70df477b96dcca9567.mp4' for writing
[hls @ 0x5555c5658870] Opening '/cache/transcodes/218a14aba992c944f70df477b96dcca9568.mp4' for writing
[hls @ 0x5555c5658870] Opening '/cache/transcodes/218a14aba992c944f70df477b96dcca9569.mp4' for writing
[hls @ 0x5555c5658870] Opening '/cache/transcodes/218a14aba992c944f70df477b96dcca9570.mp4' for writing
[hls @ 0x5555c5658870] Opening '/cache/transcodes/218a14aba992c944f70df477b96dcca9571.mp4' for writing
[hls @ 0x5555c5658870] Opening '/cache/transcodes/218a14aba992c944f70df477b96dcca9572.mp4' for writing
[hls @ 0x5555c5658870] Opening '/cache/transcodes/218a14aba992c944f70df477b96dcca9573.mp4' for writing
[hls @ 0x5555c5658870] Opening '/cache/transcodes/218a14aba992c944f70df477b96dcca9574.mp4' for writing
[hls @ 0x5555c5658870] Opening '/cache/transcodes/218a14aba992c944f70df477b96dcca9575.mp4' for writing
[hls @ 0x5555c5658870] Opening '/cache/transcodes/218a14aba992c944f70df477b96dcca9576.mp4' for writing
[hls @ 0x5555c5658870] Opening '/cache/transcodes/218a14aba992c944f70df477b96dcca9577.mp4' for writing
[hls @ 0x5555c5658870] Opening '/cache/transcodes/218a14aba992c944f70df477b96dcca9578.mp4' for writing
[hls @ 0x5555c5658870] Opening '/cache/transcodes/218a14aba992c944f70df477b96dcca9579.mp4' for writing
[hls @ 0x5555c5658870] Opening '/cache/transcodes/218a14aba992c944f70df477b96dcca9580.mp4' for writing
[hls @ 0x5555c5658870] Opening '/cache/transcodes/218a14aba992c944f70df477b96dcca9581.mp4' for writing
[hls @ 0x5555c5658870] Opening '/cache/transcodes/218a14aba992c944f70df477b96dcca9582.mp4' for writing
[hls @ 0x5555c5658870] Opening '/cache/transcodes/218a14aba992c944f70df477b96dcca9583.mp4' for writing
[hls @ 0x5555c5658870] Opening '/cache/transcodes/218a14aba992c944f70df477b96dcca9584.mp4' for writing
[hls @ 0x5555c5658870] Opening '/cache/transcodes/218a14aba992c944f70df477b96dcca9585.mp4' for writing
[hls @ 0x5555c5658870] Opening '/cache/transcodes/218a14aba992c944f70df477b96dcca9586.mp4' for writing
[hls @ 0x5555c5658870] Opening '/cache/transcodes/218a14aba992c944f70df477b96dcca9587.mp4' for writing
[hls @ 0x5555c5658870] Opening '/cache/transcodes/218a14aba992c944f70df477b96dcca9588.mp4' for writing
[hls @ 0x5555c5658870] Opening '/cache/transcodes/218a14aba992c944f70df477b96dcca9589.mp4' for writing
[hls @ 0x5555c5658870] Opening '/cache/transcodes/218a14aba992c944f70df477b96dcca9590.mp4' for writing
[hls @ 0x5555c5658870] Opening '/cache/transcodes/218a14aba992c944f70df477b96dcca9591.mp4' for writing
[hls @ 0x5555c5658870] Opening '/cache/transcodes/218a14aba992c944f70df477b96dcca9592.mp4' for writing
[hls @ 0x5555c5658870] Opening '/cache/transcodes/218a14aba992c944f70df477b96dcca9593.mp4' for writing
[hls @ 0x5555c5658870] Opening '/cache/transcodes/218a14aba992c944f70df477b96dcca9594.mp4' for writing
[hls @ 0x5555c5658870] Opening '/cache/transcodes/218a14aba992c944f70df477b96dcca9595.mp4' for writing
[hls @ 0x5555c5658870] Opening '/cache/transcodes/218a14aba992c944f70df477b96dcca9596.mp4' for writing
[hls @ 0x5555c5658870] Opening '/cache/transcodes/218a14aba992c944f70df477b96dcca9597.mp4' for writing
[hls @ 0x5555c5658870] Opening '/cache/transcodes/218a14aba992c944f70df477b96dcca9598.mp4' for writing
[hls @ 0x5555c5658870] Opening '/cache/transcodes/218a14aba992c944f70df477b96dcca9599.mp4' for writing
[hls @ 0x5555c5658870] Opening '/cache/transcodes/218a14aba992c944f70df477b96dcca9600.mp4' for writing
[hls @ 0x5555c5658870] Opening '/cache/transcodes/218a14aba992c944f70df477b96dcca9601.mp4' for writing
[hls @ 0x5555c5658870] Opening '/cache/transcodes/218a14aba992c944f70df477b96dcca9602.mp4' for writing
[hls @ 0x5555c5658870] Opening '/cache/transcodes/218a14aba992c944f70df477b96dcca9603.mp4' for writing
[hls @ 0x5555c5658870] Opening '/cache/transcodes/218a14aba992c944f70df477b96dcca9604.mp4' for writing
[hls @ 0x5555c5658870] Opening '/cache/transcodes/218a14aba992c944f70df477b96dcca9605.mp4' for writing
[hls @ 0x5555c5658870] Opening '/cache/transcodes/218a14aba992c944f70df477b96dcca9606.mp4' for writing
[hls @ 0x5555c5658870] Opening '/cache/transcodes/218a14aba992c944f70df477b96dcca9607.mp4' for writing
[hls @ 0x5555c5658870] Opening '/cache/transcodes/218a14aba992c944f70df477b96dcca9608.mp4' for writing
[hls @ 0x5555c5658870] Opening '/cache/transcodes/218a14aba992c944f70df477b96dcca9609.mp4' for writing
[hls @ 0x5555c5658870] Opening '/cache/transcodes/218a14aba992c944f70df477b96dcca9610.mp4' for writing
[hls @ 0x5555c5658870] Opening '/cache/transcodes/218a14aba992c944f70df477b96dcca9611.mp4' for writing
[hls @ 0x5555c5658870] Opening '/cache/transcodes/218a14aba992c944f70df477b96dcca9612.mp4' for writing
[hls @ 0x5555c5658870] Opening '/cache/transcodes/218a14aba992c944f70df477b96dcca9613.mp4' for writing
[hls @ 0x5555c5658870] Opening '/cache/transcodes/218a14aba992c944f70df477b96dcca9614.mp4' for writing
[hls @ 0x5555c5658870] Opening '/cache/transcodes/218a14aba992c944f70df477b96dcca9615.mp4' for writing
size=N/A time=00:49:56.80 bitrate=N/A speed=1.5e+03x    
[hls @ 0x5555c5658870] Opening '/cache/transcodes/218a14aba992c944f70df477b96dcca9616.mp4' for writing
[hls @ 0x5555c5658870] Opening '/cache/transcodes/218a14aba992c944f70df477b96dcca9617.mp4' for writing
[hls @ 0x5555c5658870] Opening '/cache/transcodes/218a14aba992c944f70df477b96dcca9618.mp4' for writing
[hls @ 0x5555c5658870] Opening '/cache/transcodes/218a14aba992c944f70df477b96dcca9619.mp4' for writing
[hls @ 0x5555c5658870] Opening '/cache/transcodes/218a14aba992c944f70df477b96dcca9620.mp4' for writing
[hls @ 0x5555c5658870] Opening '/cache/transcodes/218a14aba992c944f70df477b96dcca9621.mp4' for writing
[hls @ 0x5555c5658870] Opening '/cache/transcodes/218a14aba992c944f70df477b96dcca9622.mp4' for writing
[hls @ 0x5555c5658870] Opening '/cache/transcodes/218a14aba992c944f70df477b96dcca9623.mp4' for writing
[hls @ 0x5555c5658870] Opening '/cache/transcodes/218a14aba992c944f70df477b96dcca9624.mp4' for writing
[hls @ 0x5555c5658870] Opening '/cache/transcodes/218a14aba992c944f70df477b96dcca9625.mp4' for writing
[hls @ 0x5555c5658870] Opening '/cache/transcodes/218a14aba992c944f70df477b96dcca9626.mp4' for writing
[hls @ 0x5555c5658870] Opening '/cache/transcodes/218a14aba992c944f70df477b96dcca9627.mp4' for writing
[hls @ 0x5555c5658870] Opening '/cache/transcodes/218a14aba992c944f70df477b96dcca9628.mp4' for writing
[hls @ 0x5555c5658870] Opening '/cache/transcodes/218a14aba992c944f70df477b96dcca9629.mp4' for writing
[hls @ 0x5555c5658870] Opening '/cache/transcodes/218a14aba992c944f70df477b96dcca9630.mp4' for writing
[hls @ 0x5555c5658870] Opening '/cache/transcodes/218a14aba992c944f70df477b96dcca9631.mp4' for writing
[hls @ 0x5555c5658870] Opening '/cache/transcodes/218a14aba992c944f70df477b96dcca9632.mp4' for writing
[hls @ 0x5555c5658870] Opening '/cache/transcodes/218a14aba992c944f70df477b96dcca9633.mp4' for writing
[hls @ 0x5555c5658870] Opening '/cache/transcodes/218a14aba992c944f70df477b96dcca9634.mp4' for writing
[hls @ 0x5555c5658870] Opening '/cache/transcodes/218a14aba992c944f70df477b96dcca9635.mp4' for writing
[hls @ 0x5555c5658870] Opening '/cache/transcodes/218a14aba992c944f70df477b96dcca9636.mp4' for writing
[hls @ 0x5555c5658870] Opening '/cache/transcodes/218a14aba992c944f70df477b96dcca9637.mp4' for writing
[hls @ 0x5555c5658870] Opening '/cache/transcodes/218a14aba992c944f70df477b96dcca9638.mp4' for writing
[hls @ 0x5555c5658870] Opening '/cache/transcodes/218a14aba992c944f70df477b96dcca9639.mp4' for writing
[hls @ 0x5555c5658870] Opening '/cache/transcodes/218a14aba992c944f70df477b96dcca9640.mp4' for writing
[hls @ 0x5555c5658870] Opening '/cache/transcodes/218a14aba992c944f70df477b96dcca9641.mp4' for writing
[hls @ 0x5555c5658870] Opening '/cache/transcodes/218a14aba992c944f70df477b96dcca9642.mp4' for writing
[hls @ 0x5555c5658870] Opening '/cache/transcodes/218a14aba992c944f70df477b96dcca9643.mp4' for writing
[hls @ 0x5555c5658870] Opening '/cache/transcodes/218a14aba992c944f70df477b96dcca9644.mp4' for writing
[hls @ 0x5555c5658870] Opening '/cache/transcodes/218a14aba992c944f70df477b96dcca9645.mp4' for writing
[hls @ 0x5555c5658870] Opening '/cache/transcodes/218a14aba992c944f70df477b96dcca9646.mp4' for writing
[hls @ 0x5555c5658870] Opening '/cache/transcodes/218a14aba992c944f70df477b96dcca9647.mp4' for writing
[hls @ 0x5555c5658870] Opening '/cache/transcodes/218a14aba992c944f70df477b96dcca9648.mp4' for writing
[hls @ 0x5555c5658870] Opening '/cache/transcodes/218a14aba992c944f70df477b96dcca9649.mp4' for writing
[hls @ 0x5555c5658870] Opening '/cache/transcodes/218a14aba992c944f70df477b96dcca9650.mp4' for writing
[hls @ 0x5555c5658870] Opening '/cache/transcodes/218a14aba992c944f70df477b96dcca9651.mp4' for writing
[hls @ 0x5555c5658870] Opening '/cache/transcodes/218a14aba992c944f70df477b96dcca9652.mp4' for writing
[hls @ 0x5555c5658870] Opening '/cache/transcodes/218a14aba992c944f70df477b96dcca9653.mp4' for writing
[hls @ 0x5555c5658870] Opening '/cache/transcodes/218a14aba992c944f70df477b96dcca9654.mp4' for writing
[hls @ 0x5555c5658870] Opening '/cache/transcodes/218a14aba992c944f70df477b96dcca9655.mp4' for writing
[hls @ 0x5555c5658870] Opening '/cache/transcodes/218a14aba992c944f70df477b96dcca9656.mp4' for writing
[hls @ 0x5555c5658870] Opening '/cache/transcodes/218a14aba992c944f70df477b96dcca9657.mp4' for writing
[hls @ 0x5555c5658870] Opening '/cache/transcodes/218a14aba992c944f70df477b96dcca9658.mp4' for writing
[hls @ 0x5555c5658870] Opening '/cache/transcodes/218a14aba992c944f70df477b96dcca9659.mp4' for writing
[hls @ 0x5555c5658870] Opening '/cache/transcodes/218a14aba992c944f70df477b96dcca9660.mp4' for writing
[hls @ 0x5555c5658870] Opening '/cache/transcodes/218a14aba992c944f70df477b96dcca9661.mp4' for writing
[hls @ 0x5555c5658870] Opening '/cache/transcodes/218a14aba992c944f70df477b96dcca9662.mp4' for writing
[hls @ 0x5555c5658870] Opening '/cache/transcodes/218a14aba992c944f70df477b96dcca9663.mp4' for writing
[hls @ 0x5555c5658870] Opening '/cache/transcodes/218a14aba992c944f70df477b96dcca9664.mp4' for writing
[hls @ 0x5555c5658870] Opening '/cache/transcodes/218a14aba992c944f70df477b96dcca9665.mp4' for writing
[hls @ 0x5555c5658870] Opening '/cache/transcodes/218a14aba992c944f70df477b96dcca9666.mp4' for writing
[hls @ 0x5555c5658870] Opening '/cache/transcodes/218a14aba992c944f70df477b96dcca9667.mp4' for writing
[hls @ 0x5555c5658870] Opening '/cache/transcodes/218a14aba992c944f70df477b96dcca9668.mp4' for writing
[hls @ 0x5555c5658870] Opening '/cache/transcodes/218a14aba992c944f70df477b96dcca9669.mp4' for writing
[hls @ 0x5555c5658870] Opening '/cache/transcodes/218a14aba992c944f70df477b96dcca9670.mp4' for writing
[hls @ 0x5555c5658870] Opening '/cache/transcodes/218a14aba992c944f70df477b96dcca9671.mp4' for writing
[hls @ 0x5555c5658870] Opening '/cache/transcodes/218a14aba992c944f70df477b96dcca9672.mp4' for writing
[hls @ 0x5555c5658870] Opening '/cache/transcodes/218a14aba992c944f70df477b96dcca9673.mp4' for writing
[hls @ 0x5555c5658870] Opening '/cache/transcodes/218a14aba992c944f70df477b96dcca9674.mp4' for writing
[hls @ 0x5555c5658870] Opening '/cache/transcodes/218a14aba992c944f70df477b96dcca9675.mp4' for writing
[hls @ 0x5555c5658870] Opening '/cache/transcodes/218a14aba992c944f70df477b96dcca9676.mp4' for writing
[hls @ 0x5555c5658870] Opening '/cache/transcodes/218a14aba992c944f70df477b96dcca9677.mp4' for writing
[hls @ 0x5555c5658870] Opening '/cache/transcodes/218a14aba992c944f70df477b96dcca9678.mp4' for writing
[hls @ 0x5555c5658870] Opening '/cache/transcodes/218a14aba992c944f70df477b96dcca9679.mp4' for writing
[hls @ 0x5555c5658870] Opening '/cache/transcodes/218a14aba992c944f70df477b96dcca9680.mp4' for writing
[hls @ 0x5555c5658870] Opening '/cache/transcodes/218a14aba992c944f70df477b96dcca9681.mp4' for writing
[hls @ 0x5555c5658870] Opening '/cache/transcodes/218a14aba992c944f70df477b96dcca9682.mp4' for writing
[hls @ 0x5555c5658870] Opening '/cache/transcodes/218a14aba992c944f70df477b96dcca9683.mp4' for writing
[hls @ 0x5555c5658870] Opening '/cache/transcodes/218a14aba992c944f70df477b96dcca9684.mp4' for writing
[hls @ 0x5555c5658870] Opening '/cache/transcodes/218a14aba992c944f70df477b96dcca9685.mp4' for writing
[hls @ 0x5555c5658870] Opening '/cache/transcodes/218a14aba992c944f70df477b96dcca9686.mp4' for writing
[hls @ 0x5555c5658870] Opening '/cache/transcodes/218a14aba992c944f70df477b96dcca9687.mp4' for writing
[hls @ 0x5555c5658870] Opening '/cache/transcodes/218a14aba992c944f70df477b96dcca9688.mp4' for writing
[hls @ 0x5555c5658870] Opening '/cache/transcodes/218a14aba992c944f70df477b96dcca9689.mp4' for writing
[hls @ 0x5555c5658870] Opening '/cache/transcodes/218a14aba992c944f70df477b96dcca9690.mp4' for writing
[hls @ 0x5555c5658870] Opening '/cache/transcodes/218a14aba992c944f70df477b96dcca9691.mp4' for writing
[hls @ 0x5555c5658870] Opening '/cache/transcodes/218a14aba992c944f70df477b96dcca9692.mp4' for writing
[hls @ 0x5555c5658870] Opening '/cache/transcodes/218a14aba992c944f70df477b96dcca9693.mp4' for writing
[hls @ 0x5555c5658870] Opening '/cache/transcodes/218a14aba992c944f70df477b96dcca9694.mp4' for writing
[hls @ 0x5555c5658870] Opening '/cache/transcodes/218a14aba992c944f70df477b96dcca9695.mp4' for writing
[hls @ 0x5555c5658870] Opening '/cache/transcodes/218a14aba992c944f70df477b96dcca9696.mp4' for writing
[hls @ 0x5555c5658870] Opening '/cache/transcodes/218a14aba992c944f70df477b96dcca9697.mp4' for writing
[hls @ 0x5555c5658870] Opening '/cache/transcodes/218a14aba992c944f70df477b96dcca9698.mp4' for writing
[hls @ 0x5555c5658870] Opening '/cache/transcodes/218a14aba992c944f70df477b96dcca9699.mp4' for writing
[hls @ 0x5555c5658870] Opening '/cache/transcodes/218a14aba992c944f70df477b96dcca9700.mp4' for writing
[hls @ 0x5555c5658870] Opening '/cache/transcodes/218a14aba992c944f70df477b96dcca9701.mp4' for writing
[hls @ 0x5555c5658870] Opening '/cache/transcodes/218a14aba992c944f70df477b96dcca9702.mp4' for writing
[hls @ 0x5555c5658870] Opening '/cache/transcodes/218a14aba992c944f70df477b96dcca9703.mp4' for writing
[hls @ 0x5555c5658870] Opening '/cache/transcodes/218a14aba992c944f70df477b96dcca9704.mp4' for writing
[hls @ 0x5555c5658870] Opening '/cache/transcodes/218a14aba992c944f70df477b96dcca9705.mp4' for writing
[hls @ 0x5555c5658870] Opening '/cache/transcodes/218a14aba992c944f70df477b96dcca9706.mp4' for writing
[hls @ 0x5555c5658870] Opening '/cache/transcodes/218a14aba992c944f70df477b96dcca9707.mp4' for writing
[hls @ 0x5555c5658870] Opening '/cache/transcodes/218a14aba992c944f70df477b96dcca9708.mp4' for writing
[hls @ 0x5555c5658870] Opening '/cache/transcodes/218a14aba992c944f70df477b96dcca9709.mp4' for writing
[hls @ 0x5555c5658870] Opening '/cache/transcodes/218a14aba992c944f70df477b96dcca9710.mp4' for writing
[hls @ 0x5555c5658870] Opening '/cache/transcodes/218a14aba992c944f70df477b96dcca9711.mp4' for writing
[hls @ 0x5555c5658870] Opening '/cache/transcodes/218a14aba992c944f70df477b96dcca9712.mp4' for writing
[hls @ 0x5555c5658870] Opening '/cache/transcodes/218a14aba992c944f70df477b96dcca9713.mp4' for writing
[hls @ 0x5555c5658870] Opening '/cache/transcodes/218a14aba992c944f70df477b96dcca9714.mp4' for writing
[hls @ 0x5555c5658870] Opening '/cache/transcodes/218a14aba992c944f70df477b96dcca9715.mp4' for writing
[hls @ 0x5555c5658870] Opening '/cache/transcodes/218a14aba992c944f70df477b96dcca9716.mp4' for writing
[hls @ 0x5555c5658870] Opening '/cache/transcodes/218a14aba992c944f70df477b96dcca9717.mp4' for writing
[hls @ 0x5555c5658870] Opening '/cache/transcodes/218a14aba992c944f70df477b96dcca9718.mp4' for writing
[hls @ 0x5555c5658870] Opening '/cache/transcodes/218a14aba992c944f70df477b96dcca9719.mp4' for writing
[hls @ 0x5555c5658870] Opening '/cache/transcodes/218a14aba992c944f70df477b96dcca9720.mp4' for writing
[hls @ 0x5555c5658870] Opening '/cache/transcodes/218a14aba992c944f70df477b96dcca9721.mp4' for writing
[hls @ 0x5555c5658870] Opening '/cache/transcodes/218a14aba992c944f70df477b96dcca9722.mp4' for writing
[hls @ 0x5555c5658870] Opening '/cache/transcodes/218a14aba992c944f70df477b96dcca9723.mp4' for writing
[hls @ 0x5555c5658870] Opening '/cache/transcodes/218a14aba992c944f70df477b96dcca9724.mp4' for writing
[hls @ 0x5555c5658870] Opening '/cache/transcodes/218a14aba992c944f70df477b96dcca9725.mp4' for writing
[hls @ 0x5555c5658870] Opening '/cache/transcodes/218a14aba992c944f70df477b96dcca9726.mp4' for writing
[hls @ 0x5555c5658870] Opening '/cache/transcodes/218a14aba992c944f70df477b96dcca9727.mp4' for writing
[hls @ 0x5555c5658870] Opening '/cache/transcodes/218a14aba992c944f70df477b96dcca9728.mp4' for writing
[hls @ 0x5555c5658870] Opening '/cache/transcodes/218a14aba992c944f70df477b96dcca9729.mp4' for writing
[hls @ 0x5555c5658870] Opening '/cache/transcodes/218a14aba992c944f70df477b96dcca9730.mp4' for writing
[hls @ 0x5555c5658870] Opening '/cache/transcodes/218a14aba992c944f70df477b96dcca9731.mp4' for writing
[hls @ 0x5555c5658870] Opening '/cache/transcodes/218a14aba992c944f70df477b96dcca9732.mp4' for writing
[hls @ 0x5555c5658870] Opening '/cache/transcodes/218a14aba992c944f70df477b96dcca9733.mp4' for writing
[hls @ 0x5555c5658870] Opening '/cache/transcodes/218a14aba992c944f70df477b96dcca9734.mp4' for writing
[hls @ 0x5555c5658870] Opening '/cache/transcodes/218a14aba992c944f70df477b96dcca9735.mp4' for writing
[hls @ 0x5555c5658870] Opening '/cache/transcodes/218a14aba992c944f70df477b96dcca9736.mp4' for writing
[hls @ 0x5555c5658870] Opening '/cache/transcodes/218a14aba992c944f70df477b96dcca9737.mp4' for writing
[hls @ 0x5555c5658870] Opening '/cache/transcodes/218a14aba992c944f70df477b96dcca9738.mp4' for writing
[hls @ 0x5555c5658870] Opening '/cache/transcodes/218a14aba992c944f70df477b96dcca9739.mp4' for writing
[hls @ 0x5555c5658870] Opening '/cache/transcodes/218a14aba992c944f70df477b96dcca9740.mp4' for writing
[hls @ 0x5555c5658870] Opening '/cache/transcodes/218a14aba992c944f70df477b96dcca9741.mp4' for writing
[hls @ 0x5555c5658870] Opening '/cache/transcodes/218a14aba992c944f70df477b96dcca9742.mp4' for writing
[hls @ 0x5555c5658870] Opening '/cache/transcodes/218a14aba992c944f70df477b96dcca9743.mp4' for writing
[hls @ 0x5555c5658870] Opening '/cache/transcodes/218a14aba992c944f70df477b96dcca9744.mp4' for writing
[hls @ 0x5555c5658870] Opening '/cache/transcodes/218a14aba992c944f70df477b96dcca9745.mp4' for writing
[hls @ 0x5555c5658870] Opening '/cache/transcodes/218a14aba992c944f70df477b96dcca9746.mp4' for writing
[hls @ 0x5555c5658870] Opening '/cache/transcodes/218a14aba992c944f70df477b96dcca9747.mp4' for writing
[hls @ 0x5555c5658870] Opening '/cache/transcodes/218a14aba992c944f70df477b96dcca9748.mp4' for writing
[hls @ 0x5555c5658870] Opening '/cache/transcodes/218a14aba992c944f70df477b96dcca9749.mp4' for writing
[hls @ 0x5555c5658870] Opening '/cache/transcodes/218a14aba992c944f70df477b96dcca9750.mp4' for writing
[hls @ 0x5555c5658870] Opening '/cache/transcodes/218a14aba992c944f70df477b96dcca9751.mp4' for writing
[hls @ 0x5555c5658870] Opening '/cache/transcodes/218a14aba992c944f70df477b96dcca9752.mp4' for writing
[hls @ 0x5555c5658870] Opening '/cache/transcodes/218a14aba992c944f70df477b96dcca9753.mp4' for writing
[hls @ 0x5555c5658870] Opening '/cache/transcodes/218a14aba992c944f70df477b96dcca9754.mp4' for writing
[hls @ 0x5555c5658870] Opening '/cache/transcodes/218a14aba992c944f70df477b96dcca9755.mp4' for writing
[hls @ 0x5555c5658870] Opening '/cache/transcodes/218a14aba992c944f70df477b96dcca9756.mp4' for writing
[hls @ 0x5555c5658870] Opening '/cache/transcodes/218a14aba992c944f70df477b96dcca9757.mp4' for writing
[hls @ 0x5555c5658870] Opening '/cache/transcodes/218a14aba992c944f70df477b96dcca9758.mp4' for writing
[hls @ 0x5555c5658870] Opening '/cache/transcodes/218a14aba992c944f70df477b96dcca9759.mp4' for writing
[hls @ 0x5555c5658870] Opening '/cache/transcodes/218a14aba992c944f70df477b96dcca9760.mp4' for writing
[hls @ 0x5555c5658870] Opening '/cache/transcodes/218a14aba992c944f70df477b96dcca9761.mp4' for writing
[hls @ 0x5555c5658870] Opening '/cache/transcodes/218a14aba992c944f70df477b96dcca9762.mp4' for writing
[hls @ 0x5555c5658870] Opening '/cache/transcodes/218a14aba992c944f70df477b96dcca9763.mp4' for writing
[hls @ 0x5555c5658870] Opening '/cache/transcodes/218a14aba992c944f70df477b96dcca9764.mp4' for writing
[hls @ 0x5555c5658870] Opening '/cache/transcodes/218a14aba992c944f70df477b96dcca9765.mp4' for writing
[hls @ 0x5555c5658870] Opening '/cache/transcodes/218a14aba992c944f70df477b96dcca9766.mp4' for writing
[hls @ 0x5555c5658870] Opening '/cache/transcodes/218a14aba992c944f70df477b96dcca9767.mp4' for writing
[hls @ 0x5555c5658870] Opening '/cache/transcodes/218a14aba992c944f70df477b96dcca9768.mp4' for writing
[hls @ 0x5555c5658870] Opening '/cache/transcodes/218a14aba992c944f70df477b96dcca9769.mp4' for writing
[hls @ 0x5555c5658870] Opening '/cache/transcodes/218a14aba992c944f70df477b96dcca9770.mp4' for writing
[hls @ 0x5555c5658870] Opening '/cache/transcodes/218a14aba992c944f70df477b96dcca9771.mp4' for writing
[hls @ 0x5555c5658870] Opening '/cache/transcodes/218a14aba992c944f70df477b96dcca9772.mp4' for writing
[hls @ 0x5555c5658870] Opening '/cache/transcodes/218a14aba992c944f70df477b96dcca9773.mp4' for writing
[hls @ 0x5555c5658870] Opening '/cache/transcodes/218a14aba992c944f70df477b96dcca9774.mp4' for writing
[hls @ 0x5555c5658870] Opening '/cache/transcodes/218a14aba992c944f70df477b96dcca9775.mp4' for writing
[hls @ 0x5555c5658870] Opening '/cache/transcodes/218a14aba992c944f70df477b96dcca9776.mp4' for writing
[hls @ 0x5555c5658870] Opening '/cache/transcodes/218a14aba992c944f70df477b96dcca9777.mp4' for writing
[hls @ 0x5555c5658870] Opening '/cache/transcodes/218a14aba992c944f70df477b96dcca9778.mp4' for writing
[hls @ 0x5555c5658870] Opening '/cache/transcodes/218a14aba992c944f70df477b96dcca9779.mp4' for writing
[hls @ 0x5555c5658870] Opening '/cache/transcodes/218a14aba992c944f70df477b96dcca9780.mp4' for writing
[hls @ 0x5555c5658870] Opening '/cache/transcodes/218a14aba992c944f70df477b96dcca9781.mp4' for writing
[hls @ 0x5555c5658870] Opening '/cache/transcodes/218a14aba992c944f70df477b96dcca9782.mp4' for writing
[hls @ 0x5555c5658870] Opening '/cache/transcodes/218a14aba992c944f70df477b96dcca9783.mp4' for writing
[hls @ 0x5555c5658870] Opening '/cache/transcodes/218a14aba992c944f70df477b96dcca9784.mp4' for writing
[hls @ 0x5555c5658870] Opening '/cache/transcodes/218a14aba992c944f70df477b96dcca9785.mp4' for writing
[hls @ 0x5555c5658870] Opening '/cache/transcodes/218a14aba992c944f70df477b96dcca9786.mp4' for writing
[hls @ 0x5555c5658870] Opening '/cache/transcodes/218a14aba992c944f70df477b96dcca9787.mp4' for writing
[hls @ 0x5555c5658870] Opening '/cache/transcodes/218a14aba992c944f70df477b96dcca9788.mp4' for writing


[q] command received. Exiting.

[hls @ 0x5555c5658870] Opening '/cache/transcodes/218a14aba992c944f70df477b96dcca9789.mp4' for writing
[out#0/hls @ 0x5555c56130c0] video:532452KiB audio:227723KiB subtitle:0KiB other streams:0KiB global headers:2KiB muxing overhead: unknown
size=N/A time=01:07:52.43 bitrate=N/A speed=1.63e+03x    