{"Protocol":0,"Id":"aae9ea494a86e1c697ed5578f649cc14","Path":"/media/movies/28 Days Later (2002)/28.Days.Later.2002.mkv","EncoderPath":null,"EncoderProtocol":null,"Type":0,"Container":"mkv","Size":2891433133,"Name":"28.Days.Later.2002","IsRemote":false,"ETag":"1a5cd32fb8a23233e8663fdfb571ae6a","RunTimeTicks":67878400000,"ReadAtNativeFramerate":false,"IgnoreDts":false,"IgnoreIndex":false,"GenPtsInput":false,"SupportsTranscoding":true,"SupportsDirectStream":true,"SupportsDirectPlay":true,"IsInfiniteStream":false,"UseMostCompatibleTranscodingProfile":false,"RequiresOpening":false,"OpenToken":null,"RequiresClosing":false,"LiveStreamId":null,"BufferMs":null,"RequiresLooping":false,"SupportsProbing":true,"VideoType":0,"IsoType":null,"Video3DFormat":null,"MediaStreams":[{"Codec":"h264","CodecTag":null,"Language":"ita","ColorRange":null,"ColorSpace":"bt709","ColorTransfer":"bt709","ColorPrimaries":"bt709","DvVersionMajor":null,"DvVersionMinor":null,"DvProfile":null,"DvLevel":null,"RpuPresentFlag":null,"ElPresentFlag":null,"BlPresentFlag":null,"DvBlSignalCompatibilityId":null,"Rotation":null,"Comment":null,"TimeBase":"1/1000","CodecTimeBase":null,"Title":"MIRCrew","VideoRange":1,"VideoRangeType":1,"VideoDoViTitle":null,"AudioSpatialFormat":0,"LocalizedUndefined":null,"LocalizedDefault":null,"LocalizedForced":null,"LocalizedExternal":null,"LocalizedHearingImpaired":null,"DisplayTitle":"MIRCrew - 1080p - H264 - SDR","NalLengthSize":"4","IsInterlaced":false,"IsAVC":true,"ChannelLayout":null,"BitRate":3407779,"BitDepth":8,"RefFrames":1,"PacketLength":null,"Channels":null,"SampleRate":null,"IsDefault":true,"IsForced":false,"IsHearingImpaired":false,"Height":1040,"Width":1920,"AverageFrameRate":23.976025,"RealFrameRate":23.976025,"ReferenceFrameRate":23.976025,"Profile":"Main","Type":1,"AspectRatio":"1.85:1","Index":0,"Score":null,"IsExternal":false,"DeliveryMethod":null,"DeliveryUrl":null,"IsExternalUrl":null,"IsTextSubtitleStream":false,"SupportsExternalStream":false,"Path":null,"PixelFormat":"yuv420p","Level":41,"IsAnamorphic":false},{"Codec":"ac3","CodecTag":null,"Language":"ita","ColorRange":null,"ColorSpace":null,"ColorTransfer":null,"ColorPrimaries":null,"DvVersionMajor":null,"DvVersionMinor":null,"DvProfile":null,"DvLevel":null,"RpuPresentFlag":null,"ElPresentFlag":null,"BlPresentFlag":null,"DvBlSignalCompatibilityId":null,"Rotation":null,"Comment":null,"TimeBase":"1/1000","CodecTimeBase":null,"Title":"Ita Ac3 5.1","VideoRange":0,"VideoRangeType":0,"VideoDoViTitle":null,"AudioSpatialFormat":0,"LocalizedUndefined":null,"LocalizedDefault":"Default","LocalizedForced":null,"LocalizedExternal":"External","LocalizedHearingImpaired":null,"DisplayTitle":"Ita Ac3 5.1 - Italian - Dolby Digital","NalLengthSize":null,"IsInterlaced":false,"IsAVC":false,"ChannelLayout":"5.1","BitRate":448000,"BitDepth":null,"RefFrames":null,"PacketLength":null,"Channels":6,"SampleRate":48000,"IsDefault":false,"IsForced":false,"IsHearingImpaired":false,"Height":null,"Width":null,"AverageFrameRate":null,"RealFrameRate":null,"ReferenceFrameRate":null,"Profile":null,"Type":0,"AspectRatio":null,"Index":1,"Score":null,"IsExternal":false,"DeliveryMethod":null,"DeliveryUrl":null,"IsExternalUrl":null,"IsTextSubtitleStream":false,"SupportsExternalStream":false,"Path":null,"PixelFormat":null,"Level":0,"IsAnamorphic":null},{"Codec":"ac3","CodecTag":null,"Language":"eng","ColorRange":null,"ColorSpace":null,"ColorTransfer":null,"ColorPrimaries":null,"DvVersionMajor":null,"DvVersionMinor":null,"DvProfile":null,"DvLevel":null,"RpuPresentFlag":null,"ElPresentFlag":null,"BlPresentFlag":null,"DvBlSignalCompatibilityId":null,"Rotation":null,"Comment":null,"TimeBase":"1/1000","CodecTimeBase":null,"Title":"Eng Ac3 5.1","VideoRange":0,"VideoRangeType":0,"VideoDoViTitle":null,"AudioSpatialFormat":0,"LocalizedUndefined":null,"LocalizedDefault":"Default","LocalizedForced":null,"LocalizedExternal":"External","LocalizedHearingImpaired":null,"DisplayTitle":"Eng Ac3 5.1 - English - Dolby Digital","NalLengthSize":null,"IsInterlaced":false,"IsAVC":false,"ChannelLayout":"5.1","BitRate":384000,"BitDepth":null,"RefFrames":null,"PacketLength":null,"Channels":6,"SampleRate":48000,"IsDefault":false,"IsForced":false,"IsHearingImpaired":false,"Height":null,"Width":null,"AverageFrameRate":null,"RealFrameRate":null,"ReferenceFrameRate":null,"Profile":null,"Type":0,"AspectRatio":null,"Index":2,"Score":null,"IsExternal":false,"DeliveryMethod":null,"DeliveryUrl":null,"IsExternalUrl":null,"IsTextSubtitleStream":false,"SupportsExternalStream":false,"Path":null,"PixelFormat":null,"Level":0,"IsAnamorphic":null},{"Codec":"ass","CodecTag":null,"Language":"eng","ColorRange":null,"ColorSpace":null,"ColorTransfer":null,"ColorPrimaries":null,"DvVersionMajor":null,"DvVersionMinor":null,"DvProfile":null,"DvLevel":null,"RpuPresentFlag":null,"ElPresentFlag":null,"BlPresentFlag":null,"DvBlSignalCompatibilityId":null,"Rotation":null,"Comment":null,"TimeBase":"1/1000","CodecTimeBase":null,"Title":null,"VideoRange":0,"VideoRangeType":0,"VideoDoViTitle":null,"AudioSpatialFormat":0,"LocalizedUndefined":"Undefined","LocalizedDefault":"Default","LocalizedForced":"Forced","LocalizedExternal":"External","LocalizedHearingImpaired":"Hearing Impaired","DisplayTitle":"English - ASS","NalLengthSize":null,"IsInterlaced":false,"IsAVC":false,"ChannelLayout":null,"BitRate":null,"BitDepth":null,"RefFrames":null,"PacketLength":null,"Channels":null,"SampleRate":null,"IsDefault":false,"IsForced":false,"IsHearingImpaired":false,"Height":0,"Width":0,"AverageFrameRate":null,"RealFrameRate":null,"ReferenceFrameRate":null,"Profile":null,"Type":2,"AspectRatio":null,"Index":3,"Score":null,"IsExternal":false,"DeliveryMethod":null,"DeliveryUrl":null,"IsExternalUrl":null,"IsTextSubtitleStream":true,"SupportsExternalStream":true,"Path":null,"PixelFormat":null,"Level":0,"IsAnamorphic":null},{"Codec":"subrip","CodecTag":null,"Language":"ita","ColorRange":null,"ColorSpace":null,"ColorTransfer":null,"ColorPrimaries":null,"DvVersionMajor":null,"DvVersionMinor":null,"DvProfile":null,"DvLevel":null,"RpuPresentFlag":null,"ElPresentFlag":null,"BlPresentFlag":null,"DvBlSignalCompatibilityId":null,"Rotation":null,"Comment":null,"TimeBase":"1/1000","CodecTimeBase":null,"Title":"Ita","VideoRange":0,"VideoRangeType":0,"VideoDoViTitle":null,"AudioSpatialFormat":0,"LocalizedUndefined":"Undefined","LocalizedDefault":"Default","LocalizedForced":"Forced","LocalizedExternal":"External","LocalizedHearingImpaired":"Hearing Impaired","DisplayTitle":"Ita - Italian - SUBRIP","NalLengthSize":null,"IsInterlaced":false,"IsAVC":false,"ChannelLayout":null,"BitRate":null,"BitDepth":null,"RefFrames":null,"PacketLength":null,"Channels":null,"SampleRate":null,"IsDefault":false,"IsForced":false,"IsHearingImpaired":false,"Height":0,"Width":0,"AverageFrameRate":null,"RealFrameRate":null,"ReferenceFrameRate":null,"Profile":null,"Type":2,"AspectRatio":null,"Index":4,"Score":null,"IsExternal":false,"DeliveryMethod":null,"DeliveryUrl":null,"IsExternalUrl":null,"IsTextSubtitleStream":true,"SupportsExternalStream":true,"Path":null,"PixelFormat":null,"Level":0,"IsAnamorphic":null},{"Codec":"subrip","CodecTag":null,"Language":"eng","ColorRange":null,"ColorSpace":null,"ColorTransfer":null,"ColorPrimaries":null,"DvVersionMajor":null,"DvVersionMinor":null,"DvProfile":null,"DvLevel":null,"RpuPresentFlag":null,"ElPresentFlag":null,"BlPresentFlag":null,"DvBlSignalCompatibilityId":null,"Rotation":null,"Comment":null,"TimeBase":"1/1000","CodecTimeBase":null,"Title":"Eng","VideoRange":0,"VideoRangeType":0,"VideoDoViTitle":null,"AudioSpatialFormat":0,"LocalizedUndefined":"Undefined","LocalizedDefault":"Default","LocalizedForced":"Forced","LocalizedExternal":"External","LocalizedHearingImpaired":"Hearing Impaired","DisplayTitle":"Eng - English - SUBRIP","NalLengthSize":null,"IsInterlaced":false,"IsAVC":false,"ChannelLayout":null,"BitRate":null,"BitDepth":null,"RefFrames":null,"PacketLength":null,"Channels":null,"SampleRate":null,"IsDefault":false,"IsForced":false,"IsHearingImpaired":false,"Height":0,"Width":0,"AverageFrameRate":null,"RealFrameRate":null,"ReferenceFrameRate":null,"Profile":null,"Type":2,"AspectRatio":null,"Index":5,"Score":null,"IsExternal":false,"DeliveryMethod":null,"DeliveryUrl":null,"IsExternalUrl":null,"IsTextSubtitleStream":true,"SupportsExternalStream":true,"Path":null,"PixelFormat":null,"Level":0,"IsAnamorphic":null},{"Codec":"subrip","CodecTag":null,"Language":"eng","ColorRange":null,"ColorSpace":null,"ColorTransfer":null,"ColorPrimaries":null,"DvVersionMajor":null,"DvVersionMinor":null,"DvProfile":null,"DvLevel":null,"RpuPresentFlag":null,"ElPresentFlag":null,"BlPresentFlag":null,"DvBlSignalCompatibilityId":null,"Rotation":null,"Comment":null,"TimeBase":"1/1000","CodecTimeBase":null,"Title":"Eng NH","VideoRange":0,"VideoRangeType":0,"VideoDoViTitle":null,"AudioSpatialFormat":0,"LocalizedUndefined":"Undefined","LocalizedDefault":"Default","LocalizedForced":"Forced","LocalizedExternal":"External","LocalizedHearingImpaired":"Hearing Impaired","DisplayTitle":"Eng NH - English - SUBRIP","NalLengthSize":null,"IsInterlaced":false,"IsAVC":false,"ChannelLayout":null,"BitRate":null,"BitDepth":null,"RefFrames":null,"PacketLength":null,"Channels":null,"SampleRate":null,"IsDefault":false,"IsForced":false,"IsHearingImpaired":false,"Height":0,"Width":0,"AverageFrameRate":null,"RealFrameRate":null,"ReferenceFrameRate":null,"Profile":null,"Type":2,"AspectRatio":null,"Index":6,"Score":null,"IsExternal":false,"DeliveryMethod":null,"DeliveryUrl":null,"IsExternalUrl":null,"IsTextSubtitleStream":true,"SupportsExternalStream":true,"Path":null,"PixelFormat":null,"Level":0,"IsAnamorphic":null}],"MediaAttachments":[],"Formats":[],"Bitrate":4239779,"FallbackMaxStreamingBitrate":null,"Timestamp":null,"RequiredHttpHeaders":{},"TranscodingUrl":null,"TranscodingSubProtocol":0,"TranscodingContainer":null,"AnalyzeDurationMs":null,"DefaultAudioStreamIndex":null,"DefaultSubtitleStreamIndex":null,"HasSegments":false}

/usr/lib/jellyfin-ffmpeg/ffmpeg -analyzeduration 200M -probesize 1G -fflags +genpts  -i file:"/media/movies/28 Days Later (2002)/28.Days.Later.2002.mkv" -map_metadata -1 -map_chapters -1 -threads 0 -map 0:0 -map 0:1 -map -0:s -codec:v:0 copy -bsf:v h264_mp4toannexb -start_at_zero -codec:a:0 copy -copyts -avoid_negative_ts disabled -max_muxing_queue_size 2048 -f hls -max_delay 5000000 -hls_time 6 -hls_segment_type fmp4 -hls_fmp4_init_filename "b70573b47988c7dd3d334c83143ea3dc-1.mp4" -start_number 0 -hls_segment_filename "/cache/transcodes/b70573b47988c7dd3d334c83143ea3dc%d.mp4" -hls_playlist_type vod -hls_list_size 0 -y "/cache/transcodes/b70573b47988c7dd3d334c83143ea3dc.m3u8"


ffmpeg version 7.0.2-Jellyfin Copyright (c) 2000-2024 the FFmpeg developers
  built with gcc 12 (Debian 12.2.0-14)
  configuration: --prefix=/usr/lib/jellyfin-ffmpeg --target-os=linux --extra-version=Jellyfin --disable-doc --disable-ffplay --disable-ptx-compression --disable-static --disable-libxcb --disable-sdl2 --disable-xlib --enable-lto=auto --enable-gpl --enable-version3 --enable-shared --enable-gmp --enable-gnutls --enable-chromaprint --enable-opencl --enable-libdrm --enable-libxml2 --enable-libass --enable-libfreetype --enable-libfribidi --enable-libfontconfig --enable-libharfbuzz --enable-libbluray --enable-libmp3lame --enable-libopus --enable-libtheora --enable-libvorbis --enable-libopenmpt --enable-libdav1d --enable-libsvtav1 --enable-libwebp --enable-libvpx --enable-libx264 --enable-libx265 --enable-libzvbi --enable-libzimg --enable-libfdk-aac --arch=arm64 --cross-prefix=/usr/bin/aarch64-linux-gnu- --toolchain=hardened --enable-cross-compile --enable-rkmpp --enable-rkrga
  libavutil      59.  8.100 / 59.  8.100
  libavcodec     61.  3.100 / 61.  3.100
  libavformat    61.  1.100 / 61.  1.100
  libavdevice    61.  1.100 / 61.  1.100
  libavfilter    10.  1.100 / 10.  1.100
  libswscale      8.  1.100 /  8.  1.100
  libswresample   5.  1.100 /  5.  1.100
  libpostproc    58.  1.100 / 58.  1.100
Input #0, matroska,webm, from 'file:/media/movies/28 Days Later (2002)/28.Days.Later.2002.mkv':
  Metadata:
    title           : MIRCrew
    CREATION_TIME   : 2022-11-23T15:29:42Z
    ENCODER         : Lavf55.12.0
  Duration: 01:53:07.84, start: 0.000000, bitrate: 3407 kb/s
  Chapters:
    Chapter #0:0: start 0.000000, end 328.995000
      Metadata:
        title           : Chapter 1
    Chapter #0:1: start 329.078000, end 793.001000
      Metadata:
        title           : Chapter 2
    Chapter #0:2: start 793.084000, end 1062.520000
      Metadata:
        title           : Chapter 3
    Chapter #0:3: start 1062.603000, end 1310.893000
      Metadata:
        title           : Chapter 4
    Chapter #0:4: start 1310.976000, end 1599.014000
      Metadata:
        title           : Chapter 5
    Chapter #0:5: start 1599.097000, end 1746.245000
      Metadata:
        title           : Chapter 6
    Chapter #0:6: start 1746.328000, end 1965.505000
      Metadata:
        title           : Chapter 7
    Chapter #0:7: start 1965.588000, end 2090.755000
      Metadata:
        title           : Chapter 8
    Chapter #0:8: start 2090.838000, end 2403.151000
      Metadata:
        title           : Chapter 9
    Chapter #0:9: start 2403.234000, end 2581.162000
      Metadata:
        title           : Chapter 10
    Chapter #0:10: start 2581.245000, end 2688.436000
      Metadata:
        title           : Chapter 11
    Chapter #0:11: start 2688.519000, end 2830.745000
      Metadata:
        title           : Chapter 12
    Chapter #0:12: start 2830.828000, end 2962.751000
      Metadata:
        title           : Chapter 13
    Chapter #0:13: start 2962.834000, end 3195.651000
      Metadata:
        title           : Chapter 14
    Chapter #0:14: start 3195.734000, end 3372.327000
      Metadata:
        title           : Chapter 15
    Chapter #0:15: start 3372.410000, end 3474.221000
      Metadata:
        title           : Chapter 16
    Chapter #0:16: start 3474.304000, end 3708.371000
      Metadata:
        title           : Chapter 17
    Chapter #0:17: start 3708.454000, end 3864.903000
      Metadata:
        title           : Chapter 18
    Chapter #0:18: start 3864.986000, end 3999.829000
      Metadata:
        title           : Chapter 19
    Chapter #0:19: start 3999.912000, end 4200.530000
      Metadata:
        title           : Chapter 20
    Chapter #0:20: start 4200.613000, end 4421.250000
      Metadata:
        title           : Chapter 21
    Chapter #0:21: start 4421.333000, end 4615.903000
      Metadata:
        title           : Chapter 22
    Chapter #0:22: start 4615.986000, end 4699.987000
      Metadata:
        title           : Chapter 23
    Chapter #0:23: start 4700.070000, end 5068.855000
      Metadata:
        title           : Chapter 24
    Chapter #0:24: start 5068.938000, end 5260.797000
      Metadata:
        title           : Chapter 25
    Chapter #0:25: start 5260.880000, end 5391.595000
      Metadata:
        title           : Chapter 26
    Chapter #0:26: start 5391.678000, end 5611.022000
      Metadata:
        title           : Chapter 27
    Chapter #0:27: start 5611.105000, end 6030.274000
      Metadata:
        title           : Chapter 28
    Chapter #0:28: start 6030.357000, end 6201.070000
      Metadata:
        title           : Chapter 29
    Chapter #0:29: start 6201.153000, end 6286.447000
      Metadata:
        title           : Chapter 30
    Chapter #0:30: start 6286.530000, end 6485.437000
      Metadata:
        title           : Chapter 31
    Chapter #0:31: start 6485.520000, end 6787.531000
      Metadata:
        title           : Chapter 32
  Stream #0:0(ita): Video: h264 (Main), yuv420p(tv, bt709, progressive), 1920x1040, SAR 1:1 DAR 24:13, 23.98 fps, 23.98 tbr, 1k tbn (default)
      Metadata:
        title           : MIRCrew
  Stream #0:1(ita): Audio: ac3, 48000 Hz, 5.1(side), fltp, 448 kb/s
      Metadata:
        title           : Ita Ac3 5.1
  Stream #0:2(eng): Audio: ac3, 48000 Hz, 5.1(side), fltp, 384 kb/s
      Metadata:
        title           : Eng Ac3 5.1
  Stream #0:3(eng): Subtitle: ass (ssa)
  Stream #0:4(ita): Subtitle: subrip (srt)
      Metadata:
        title           : Ita
  Stream #0:5(eng): Subtitle: subrip (srt)
      Metadata:
        title           : Eng
  Stream #0:6(eng): Subtitle: subrip (srt)
      Metadata:
        title           : Eng NH
[out#0/hls @ 0x555640e7da70] Codec AVOption threads (set the number of threads) has not been used for any stream. The most likely reason is either wrong type (e.g. a video option with no video streams) or that it is a private option of some encoder which was not actually used for any stream.
Stream mapping:
  Stream #0:0 -> #0:0 (copy)
  Stream #0:1 -> #0:1 (copy)
[hls @ 0x555640ebe010] Opening '/cache/transcodes/b70573b47988c7dd3d334c83143ea3dc-1.mp4' for writing
[mp4 @ 0x555640ec8320] track 1: codec frame size is not set
Output #0, hls, to '/cache/transcodes/b70573b47988c7dd3d334c83143ea3dc.m3u8':
  Metadata:
    encoder         : Lavf61.1.100
  Stream #0:0: Video: h264 (Main), yuv420p(tv, bt709, progressive), 1920x1040 [SAR 1:1 DAR 24:13], q=2-31, 23.98 fps, 23.98 tbr, 16k tbn (default)
  Stream #0:1: Audio: ac3, 48000 Hz, 5.1(side), fltp, 448 kb/s
Press [q] to stop, [?] for help
[hls @ 0x555640ebe010] Opening '/cache/transcodes/b70573b47988c7dd3d334c83143ea3dc0.mp4' for writing
[hls @ 0x555640ebe010] Opening '/cache/transcodes/b70573b47988c7dd3d334c83143ea3dc1.mp4' for writing
[hls @ 0x555640ebe010] Opening '/cache/transcodes/b70573b47988c7dd3d334c83143ea3dc2.mp4' for writing
[hls @ 0x555640ebe010] Opening '/cache/transcodes/b70573b47988c7dd3d334c83143ea3dc3.mp4' for writing
[hls @ 0x555640ebe010] Opening '/cache/transcodes/b70573b47988c7dd3d334c83143ea3dc4.mp4' for writing
[hls @ 0x555640ebe010] Opening '/cache/transcodes/b70573b47988c7dd3d334c83143ea3dc5.mp4' for writing
[hls @ 0x555640ebe010] Opening '/cache/transcodes/b70573b47988c7dd3d334c83143ea3dc6.mp4' for writing
[hls @ 0x555640ebe010] Opening '/cache/transcodes/b70573b47988c7dd3d334c83143ea3dc7.mp4' for writing
[hls @ 0x555640ebe010] Opening '/cache/transcodes/b70573b47988c7dd3d334c83143ea3dc8.mp4' for writing
[hls @ 0x555640ebe010] Opening '/cache/transcodes/b70573b47988c7dd3d334c83143ea3dc9.mp4' for writing
[hls @ 0x555640ebe010] Opening '/cache/transcodes/b70573b47988c7dd3d334c83143ea3dc10.mp4' for writing
[hls @ 0x555640ebe010] Opening '/cache/transcodes/b70573b47988c7dd3d334c83143ea3dc11.mp4' for writing
[hls @ 0x555640ebe010] Opening '/cache/transcodes/b70573b47988c7dd3d334c83143ea3dc12.mp4' for writing
[hls @ 0x555640ebe010] Opening '/cache/transcodes/b70573b47988c7dd3d334c83143ea3dc13.mp4' for writing
[hls @ 0x555640ebe010] Opening '/cache/transcodes/b70573b47988c7dd3d334c83143ea3dc14.mp4' for writing
[hls @ 0x555640ebe010] Opening '/cache/transcodes/b70573b47988c7dd3d334c83143ea3dc15.mp4' for writing
[hls @ 0x555640ebe010] Opening '/cache/transcodes/b70573b47988c7dd3d334c83143ea3dc16.mp4' for writing
[hls @ 0x555640ebe010] Opening '/cache/transcodes/b70573b47988c7dd3d334c83143ea3dc17.mp4' for writing
[hls @ 0x555640ebe010] Opening '/cache/transcodes/b70573b47988c7dd3d334c83143ea3dc18.mp4' for writing
[hls @ 0x555640ebe010] Opening '/cache/transcodes/b70573b47988c7dd3d334c83143ea3dc19.mp4' for writing
[hls @ 0x555640ebe010] Opening '/cache/transcodes/b70573b47988c7dd3d334c83143ea3dc20.mp4' for writing
[hls @ 0x555640ebe010] Opening '/cache/transcodes/b70573b47988c7dd3d334c83143ea3dc21.mp4' for writing
[hls @ 0x555640ebe010] Opening '/cache/transcodes/b70573b47988c7dd3d334c83143ea3dc22.mp4' for writing
[hls @ 0x555640ebe010] Opening '/cache/transcodes/b70573b47988c7dd3d334c83143ea3dc23.mp4' for writing
[hls @ 0x555640ebe010] Opening '/cache/transcodes/b70573b47988c7dd3d334c83143ea3dc24.mp4' for writing
[hls @ 0x555640ebe010] Opening '/cache/transcodes/b70573b47988c7dd3d334c83143ea3dc25.mp4' for writing
[hls @ 0x555640ebe010] Opening '/cache/transcodes/b70573b47988c7dd3d334c83143ea3dc26.mp4' for writing
[hls @ 0x555640ebe010] Opening '/cache/transcodes/b70573b47988c7dd3d334c83143ea3dc27.mp4' for writing
[hls @ 0x555640ebe010] Opening '/cache/transcodes/b70573b47988c7dd3d334c83143ea3dc28.mp4' for writing
[hls @ 0x555640ebe010] Opening '/cache/transcodes/b70573b47988c7dd3d334c83143ea3dc29.mp4' for writing
[hls @ 0x555640ebe010] Opening '/cache/transcodes/b70573b47988c7dd3d334c83143ea3dc30.mp4' for writing
[hls @ 0x555640ebe010] Opening '/cache/transcodes/b70573b47988c7dd3d334c83143ea3dc31.mp4' for writing
[hls @ 0x555640ebe010] Opening '/cache/transcodes/b70573b47988c7dd3d334c83143ea3dc32.mp4' for writing
[hls @ 0x555640ebe010] Opening '/cache/transcodes/b70573b47988c7dd3d334c83143ea3dc33.mp4' for writing
[hls @ 0x555640ebe010] Opening '/cache/transcodes/b70573b47988c7dd3d334c83143ea3dc34.mp4' for writing
[hls @ 0x555640ebe010] Opening '/cache/transcodes/b70573b47988c7dd3d334c83143ea3dc35.mp4' for writing
[hls @ 0x555640ebe010] Opening '/cache/transcodes/b70573b47988c7dd3d334c83143ea3dc36.mp4' for writing
[hls @ 0x555640ebe010] Opening '/cache/transcodes/b70573b47988c7dd3d334c83143ea3dc37.mp4' for writing
[hls @ 0x555640ebe010] Opening '/cache/transcodes/b70573b47988c7dd3d334c83143ea3dc38.mp4' for writing
size=N/A time=00:00:00.00 bitrate=N/A speed=   0x    
[hls @ 0x555640ebe010] Opening '/cache/transcodes/b70573b47988c7dd3d334c83143ea3dc39.mp4' for writing
[hls @ 0x555640ebe010] Opening '/cache/transcodes/b70573b47988c7dd3d334c83143ea3dc40.mp4' for writing
[hls @ 0x555640ebe010] Opening '/cache/transcodes/b70573b47988c7dd3d334c83143ea3dc41.mp4' for writing
[hls @ 0x555640ebe010] Opening '/cache/transcodes/b70573b47988c7dd3d334c83143ea3dc42.mp4' for writing
[hls @ 0x555640ebe010] Opening '/cache/transcodes/b70573b47988c7dd3d334c83143ea3dc43.mp4' for writing
[hls @ 0x555640ebe010] Opening '/cache/transcodes/b70573b47988c7dd3d334c83143ea3dc44.mp4' for writing
[hls @ 0x555640ebe010] Opening '/cache/transcodes/b70573b47988c7dd3d334c83143ea3dc45.mp4' for writing
[hls @ 0x555640ebe010] Opening '/cache/transcodes/b70573b47988c7dd3d334c83143ea3dc46.mp4' for writing
[hls @ 0x555640ebe010] Opening '/cache/transcodes/b70573b47988c7dd3d334c83143ea3dc47.mp4' for writing
[hls @ 0x555640ebe010] Opening '/cache/transcodes/b70573b47988c7dd3d334c83143ea3dc48.mp4' for writing
[hls @ 0x555640ebe010] Opening '/cache/transcodes/b70573b47988c7dd3d334c83143ea3dc49.mp4' for writing
[hls @ 0x555640ebe010] Opening '/cache/transcodes/b70573b47988c7dd3d334c83143ea3dc50.mp4' for writing
[hls @ 0x555640ebe010] Opening '/cache/transcodes/b70573b47988c7dd3d334c83143ea3dc51.mp4' for writing
[hls @ 0x555640ebe010] Opening '/cache/transcodes/b70573b47988c7dd3d334c83143ea3dc52.mp4' for writing
[hls @ 0x555640ebe010] Opening '/cache/transcodes/b70573b47988c7dd3d334c83143ea3dc53.mp4' for writing
[hls @ 0x555640ebe010] Opening '/cache/transcodes/b70573b47988c7dd3d334c83143ea3dc54.mp4' for writing
[hls @ 0x555640ebe010] Opening '/cache/transcodes/b70573b47988c7dd3d334c83143ea3dc55.mp4' for writing
[hls @ 0x555640ebe010] Opening '/cache/transcodes/b70573b47988c7dd3d334c83143ea3dc56.mp4' for writing
[hls @ 0x555640ebe010] Opening '/cache/transcodes/b70573b47988c7dd3d334c83143ea3dc57.mp4' for writing
[hls @ 0x555640ebe010] Opening '/cache/transcodes/b70573b47988c7dd3d334c83143ea3dc58.mp4' for writing
[hls @ 0x555640ebe010] Opening '/cache/transcodes/b70573b47988c7dd3d334c83143ea3dc59.mp4' for writing
[hls @ 0x555640ebe010] Opening '/cache/transcodes/b70573b47988c7dd3d334c83143ea3dc60.mp4' for writing
[hls @ 0x555640ebe010] Opening '/cache/transcodes/b70573b47988c7dd3d334c83143ea3dc61.mp4' for writing
[hls @ 0x555640ebe010] Opening '/cache/transcodes/b70573b47988c7dd3d334c83143ea3dc62.mp4' for writing
[hls @ 0x555640ebe010] Opening '/cache/transcodes/b70573b47988c7dd3d334c83143ea3dc63.mp4' for writing
[hls @ 0x555640ebe010] Opening '/cache/transcodes/b70573b47988c7dd3d334c83143ea3dc64.mp4' for writing
[hls @ 0x555640ebe010] Opening '/cache/transcodes/b70573b47988c7dd3d334c83143ea3dc65.mp4' for writing
[hls @ 0x555640ebe010] Opening '/cache/transcodes/b70573b47988c7dd3d334c83143ea3dc66.mp4' for writing
[hls @ 0x555640ebe010] Opening '/cache/transcodes/b70573b47988c7dd3d334c83143ea3dc67.mp4' for writing
[hls @ 0x555640ebe010] Opening '/cache/transcodes/b70573b47988c7dd3d334c83143ea3dc68.mp4' for writing
[hls @ 0x555640ebe010] Opening '/cache/transcodes/b70573b47988c7dd3d334c83143ea3dc69.mp4' for writing
[hls @ 0x555640ebe010] Opening '/cache/transcodes/b70573b47988c7dd3d334c83143ea3dc70.mp4' for writing
[hls @ 0x555640ebe010] Opening '/cache/transcodes/b70573b47988c7dd3d334c83143ea3dc71.mp4' for writing
[hls @ 0x555640ebe010] Opening '/cache/transcodes/b70573b47988c7dd3d334c83143ea3dc72.mp4' for writing
[hls @ 0x555640ebe010] Opening '/cache/transcodes/b70573b47988c7dd3d334c83143ea3dc73.mp4' for writing
[hls @ 0x555640ebe010] Opening '/cache/transcodes/b70573b47988c7dd3d334c83143ea3dc74.mp4' for writing
[hls @ 0x555640ebe010] Opening '/cache/transcodes/b70573b47988c7dd3d334c83143ea3dc75.mp4' for writing
[hls @ 0x555640ebe010] Opening '/cache/transcodes/b70573b47988c7dd3d334c83143ea3dc76.mp4' for writing
[hls @ 0x555640ebe010] Opening '/cache/transcodes/b70573b47988c7dd3d334c83143ea3dc77.mp4' for writing
[hls @ 0x555640ebe010] Opening '/cache/transcodes/b70573b47988c7dd3d334c83143ea3dc78.mp4' for writing
[hls @ 0x555640ebe010] Opening '/cache/transcodes/b70573b47988c7dd3d334c83143ea3dc79.mp4' for writing
[hls @ 0x555640ebe010] Opening '/cache/transcodes/b70573b47988c7dd3d334c83143ea3dc80.mp4' for writing
[hls @ 0x555640ebe010] Opening '/cache/transcodes/b70573b47988c7dd3d334c83143ea3dc81.mp4' for writing
[hls @ 0x555640ebe010] Opening '/cache/transcodes/b70573b47988c7dd3d334c83143ea3dc82.mp4' for writing
[hls @ 0x555640ebe010] Opening '/cache/transcodes/b70573b47988c7dd3d334c83143ea3dc83.mp4' for writing
[hls @ 0x555640ebe010] Opening '/cache/transcodes/b70573b47988c7dd3d334c83143ea3dc84.mp4' for writing
size=N/A time=00:04:45.61 bitrate=N/A speed= 286x    
[hls @ 0x555640ebe010] Opening '/cache/transcodes/b70573b47988c7dd3d334c83143ea3dc85.mp4' for writing
[hls @ 0x555640ebe010] Opening '/cache/transcodes/b70573b47988c7dd3d334c83143ea3dc86.mp4' for writing
[hls @ 0x555640ebe010] Opening '/cache/transcodes/b70573b47988c7dd3d334c83143ea3dc87.mp4' for writing
[hls @ 0x555640ebe010] Opening '/cache/transcodes/b70573b47988c7dd3d334c83143ea3dc88.mp4' for writing
[hls @ 0x555640ebe010] Opening '/cache/transcodes/b70573b47988c7dd3d334c83143ea3dc89.mp4' for writing
[hls @ 0x555640ebe010] Opening '/cache/transcodes/b70573b47988c7dd3d334c83143ea3dc90.mp4' for writing
[hls @ 0x555640ebe010] Opening '/cache/transcodes/b70573b47988c7dd3d334c83143ea3dc91.mp4' for writing
[hls @ 0x555640ebe010] Opening '/cache/transcodes/b70573b47988c7dd3d334c83143ea3dc92.mp4' for writing
[hls @ 0x555640ebe010] Opening '/cache/transcodes/b70573b47988c7dd3d334c83143ea3dc93.mp4' for writing
[hls @ 0x555640ebe010] Opening '/cache/transcodes/b70573b47988c7dd3d334c83143ea3dc94.mp4' for writing
[hls @ 0x555640ebe010] Opening '/cache/transcodes/b70573b47988c7dd3d334c83143ea3dc95.mp4' for writing
[hls @ 0x555640ebe010] Opening '/cache/transcodes/b70573b47988c7dd3d334c83143ea3dc96.mp4' for writing
[hls @ 0x555640ebe010] Opening '/cache/transcodes/b70573b47988c7dd3d334c83143ea3dc97.mp4' for writing
[hls @ 0x555640ebe010] Opening '/cache/transcodes/b70573b47988c7dd3d334c83143ea3dc98.mp4' for writing
[hls @ 0x555640ebe010] Opening '/cache/transcodes/b70573b47988c7dd3d334c83143ea3dc99.mp4' for writing
[hls @ 0x555640ebe010] Opening '/cache/transcodes/b70573b47988c7dd3d334c83143ea3dc100.mp4' for writing
[hls @ 0x555640ebe010] Opening '/cache/transcodes/b70573b47988c7dd3d334c83143ea3dc101.mp4' for writing
[hls @ 0x555640ebe010] Opening '/cache/transcodes/b70573b47988c7dd3d334c83143ea3dc102.mp4' for writing
[hls @ 0x555640ebe010] Opening '/cache/transcodes/b70573b47988c7dd3d334c83143ea3dc103.mp4' for writing
[hls @ 0x555640ebe010] Opening '/cache/transcodes/b70573b47988c7dd3d334c83143ea3dc104.mp4' for writing
[hls @ 0x555640ebe010] Opening '/cache/transcodes/b70573b47988c7dd3d334c83143ea3dc105.mp4' for writing
[hls @ 0x555640ebe010] Opening '/cache/transcodes/b70573b47988c7dd3d334c83143ea3dc106.mp4' for writing
[hls @ 0x555640ebe010] Opening '/cache/transcodes/b70573b47988c7dd3d334c83143ea3dc107.mp4' for writing
[hls @ 0x555640ebe010] Opening '/cache/transcodes/b70573b47988c7dd3d334c83143ea3dc108.mp4' for writing
[hls @ 0x555640ebe010] Opening '/cache/transcodes/b70573b47988c7dd3d334c83143ea3dc109.mp4' for writing
[hls @ 0x555640ebe010] Opening '/cache/transcodes/b70573b47988c7dd3d334c83143ea3dc110.mp4' for writing
[hls @ 0x555640ebe010] Opening '/cache/transcodes/b70573b47988c7dd3d334c83143ea3dc111.mp4' for writing
[hls @ 0x555640ebe010] Opening '/cache/transcodes/b70573b47988c7dd3d334c83143ea3dc112.mp4' for writing
[hls @ 0x555640ebe010] Opening '/cache/transcodes/b70573b47988c7dd3d334c83143ea3dc113.mp4' for writing
[hls @ 0x555640ebe010] Opening '/cache/transcodes/b70573b47988c7dd3d334c83143ea3dc114.mp4' for writing
[hls @ 0x555640ebe010] Opening '/cache/transcodes/b70573b47988c7dd3d334c83143ea3dc115.mp4' for writing
[hls @ 0x555640ebe010] Opening '/cache/transcodes/b70573b47988c7dd3d334c83143ea3dc116.mp4' for writing
[hls @ 0x555640ebe010] Opening '/cache/transcodes/b70573b47988c7dd3d334c83143ea3dc117.mp4' for writing
[hls @ 0x555640ebe010] Opening '/cache/transcodes/b70573b47988c7dd3d334c83143ea3dc118.mp4' for writing
[hls @ 0x555640ebe010] Opening '/cache/transcodes/b70573b47988c7dd3d334c83143ea3dc119.mp4' for writing
[hls @ 0x555640ebe010] Opening '/cache/transcodes/b70573b47988c7dd3d334c83143ea3dc120.mp4' for writing
[hls @ 0x555640ebe010] Opening '/cache/transcodes/b70573b47988c7dd3d334c83143ea3dc121.mp4' for writing
[hls @ 0x555640ebe010] Opening '/cache/transcodes/b70573b47988c7dd3d334c83143ea3dc122.mp4' for writing
[hls @ 0x555640ebe010] Opening '/cache/transcodes/b70573b47988c7dd3d334c83143ea3dc123.mp4' for writing
[hls @ 0x555640ebe010] Opening '/cache/transcodes/b70573b47988c7dd3d334c83143ea3dc124.mp4' for writing
[hls @ 0x555640ebe010] Opening '/cache/transcodes/b70573b47988c7dd3d334c83143ea3dc125.mp4' for writing
[hls @ 0x555640ebe010] Opening '/cache/transcodes/b70573b47988c7dd3d334c83143ea3dc126.mp4' for writing
[hls @ 0x555640ebe010] Opening '/cache/transcodes/b70573b47988c7dd3d334c83143ea3dc127.mp4' for writing
[hls @ 0x555640ebe010] Opening '/cache/transcodes/b70573b47988c7dd3d334c83143ea3dc128.mp4' for writing
[hls @ 0x555640ebe010] Opening '/cache/transcodes/b70573b47988c7dd3d334c83143ea3dc129.mp4' for writing
[hls @ 0x555640ebe010] Opening '/cache/transcodes/b70573b47988c7dd3d334c83143ea3dc130.mp4' for writing
size=N/A time=00:09:13.30 bitrate=N/A speed= 369x    
[hls @ 0x555640ebe010] Opening '/cache/transcodes/b70573b47988c7dd3d334c83143ea3dc131.mp4' for writing
[hls @ 0x555640ebe010] Opening '/cache/transcodes/b70573b47988c7dd3d334c83143ea3dc132.mp4' for writing
[hls @ 0x555640ebe010] Opening '/cache/transcodes/b70573b47988c7dd3d334c83143ea3dc133.mp4' for writing
[hls @ 0x555640ebe010] Opening '/cache/transcodes/b70573b47988c7dd3d334c83143ea3dc134.mp4' for writing
[hls @ 0x555640ebe010] Opening '/cache/transcodes/b70573b47988c7dd3d334c83143ea3dc135.mp4' for writing
[hls @ 0x555640ebe010] Opening '/cache/transcodes/b70573b47988c7dd3d334c83143ea3dc136.mp4' for writing
[hls @ 0x555640ebe010] Opening '/cache/transcodes/b70573b47988c7dd3d334c83143ea3dc137.mp4' for writing
[hls @ 0x555640ebe010] Opening '/cache/transcodes/b70573b47988c7dd3d334c83143ea3dc138.mp4' for writing
[hls @ 0x555640ebe010] Opening '/cache/transcodes/b70573b47988c7dd3d334c83143ea3dc139.mp4' for writing
[hls @ 0x555640ebe010] Opening '/cache/transcodes/b70573b47988c7dd3d334c83143ea3dc140.mp4' for writing
[hls @ 0x555640ebe010] Opening '/cache/transcodes/b70573b47988c7dd3d334c83143ea3dc141.mp4' for writing
[hls @ 0x555640ebe010] Opening '/cache/transcodes/b70573b47988c7dd3d334c83143ea3dc142.mp4' for writing
[hls @ 0x555640ebe010] Opening '/cache/transcodes/b70573b47988c7dd3d334c83143ea3dc143.mp4' for writing
[hls @ 0x555640ebe010] Opening '/cache/transcodes/b70573b47988c7dd3d334c83143ea3dc144.mp4' for writing
[hls @ 0x555640ebe010] Opening '/cache/transcodes/b70573b47988c7dd3d334c83143ea3dc145.mp4' for writing
[hls @ 0x555640ebe010] Opening '/cache/transcodes/b70573b47988c7dd3d334c83143ea3dc146.mp4' for writing
[hls @ 0x555640ebe010] Opening '/cache/transcodes/b70573b47988c7dd3d334c83143ea3dc147.mp4' for writing
[hls @ 0x555640ebe010] Opening '/cache/transcodes/b70573b47988c7dd3d334c83143ea3dc148.mp4' for writing
[hls @ 0x555640ebe010] Opening '/cache/transcodes/b70573b47988c7dd3d334c83143ea3dc149.mp4' for writing
[hls @ 0x555640ebe010] Opening '/cache/transcodes/b70573b47988c7dd3d334c83143ea3dc150.mp4' for writing
[hls @ 0x555640ebe010] Opening '/cache/transcodes/b70573b47988c7dd3d334c83143ea3dc151.mp4' for writing
[hls @ 0x555640ebe010] Opening '/cache/transcodes/b70573b47988c7dd3d334c83143ea3dc152.mp4' for writing
[hls @ 0x555640ebe010] Opening '/cache/transcodes/b70573b47988c7dd3d334c83143ea3dc153.mp4' for writing
[hls @ 0x555640ebe010] Opening '/cache/transcodes/b70573b47988c7dd3d334c83143ea3dc154.mp4' for writing
[hls @ 0x555640ebe010] Opening '/cache/transcodes/b70573b47988c7dd3d334c83143ea3dc155.mp4' for writing
[hls @ 0x555640ebe010] Opening '/cache/transcodes/b70573b47988c7dd3d334c83143ea3dc156.mp4' for writing
[hls @ 0x555640ebe010] Opening '/cache/transcodes/b70573b47988c7dd3d334c83143ea3dc157.mp4' for writing
[hls @ 0x555640ebe010] Opening '/cache/transcodes/b70573b47988c7dd3d334c83143ea3dc158.mp4' for writing
[hls @ 0x555640ebe010] Opening '/cache/transcodes/b70573b47988c7dd3d334c83143ea3dc159.mp4' for writing
[hls @ 0x555640ebe010] Opening '/cache/transcodes/b70573b47988c7dd3d334c83143ea3dc160.mp4' for writing
[hls @ 0x555640ebe010] Opening '/cache/transcodes/b70573b47988c7dd3d334c83143ea3dc161.mp4' for writing
[hls @ 0x555640ebe010] Opening '/cache/transcodes/b70573b47988c7dd3d334c83143ea3dc162.mp4' for writing
[hls @ 0x555640ebe010] Opening '/cache/transcodes/b70573b47988c7dd3d334c83143ea3dc163.mp4' for writing
[hls @ 0x555640ebe010] Opening '/cache/transcodes/b70573b47988c7dd3d334c83143ea3dc164.mp4' for writing
[hls @ 0x555640ebe010] Opening '/cache/transcodes/b70573b47988c7dd3d334c83143ea3dc165.mp4' for writing
[hls @ 0x555640ebe010] Opening '/cache/transcodes/b70573b47988c7dd3d334c83143ea3dc166.mp4' for writing
[hls @ 0x555640ebe010] Opening '/cache/transcodes/b70573b47988c7dd3d334c83143ea3dc167.mp4' for writing
[hls @ 0x555640ebe010] Opening '/cache/transcodes/b70573b47988c7dd3d334c83143ea3dc168.mp4' for writing
[hls @ 0x555640ebe010] Opening '/cache/transcodes/b70573b47988c7dd3d334c83143ea3dc169.mp4' for writing
[hls @ 0x555640ebe010] Opening '/cache/transcodes/b70573b47988c7dd3d334c83143ea3dc170.mp4' for writing
[hls @ 0x555640ebe010] Opening '/cache/transcodes/b70573b47988c7dd3d334c83143ea3dc171.mp4' for writing
[hls @ 0x555640ebe010] Opening '/cache/transcodes/b70573b47988c7dd3d334c83143ea3dc172.mp4' for writing
[hls @ 0x555640ebe010] Opening '/cache/transcodes/b70573b47988c7dd3d334c83143ea3dc173.mp4' for writing
[hls @ 0x555640ebe010] Opening '/cache/transcodes/b70573b47988c7dd3d334c83143ea3dc174.mp4' for writing
[hls @ 0x555640ebe010] Opening '/cache/transcodes/b70573b47988c7dd3d334c83143ea3dc175.mp4' for writing
[hls @ 0x555640ebe010] Opening '/cache/transcodes/b70573b47988c7dd3d334c83143ea3dc176.mp4' for writing
[hls @ 0x555640ebe010] Opening '/cache/transcodes/b70573b47988c7dd3d334c83143ea3dc177.mp4' for writing
size=N/A time=00:13:51.99 bitrate=N/A speed= 416x    
[hls @ 0x555640ebe010] Opening '/cache/transcodes/b70573b47988c7dd3d334c83143ea3dc178.mp4' for writing
[hls @ 0x555640ebe010] Opening '/cache/transcodes/b70573b47988c7dd3d334c83143ea3dc179.mp4' for writing
[hls @ 0x555640ebe010] Opening '/cache/transcodes/b70573b47988c7dd3d334c83143ea3dc180.mp4' for writing
[hls @ 0x555640ebe010] Opening '/cache/transcodes/b70573b47988c7dd3d334c83143ea3dc181.mp4' for writing
[hls @ 0x555640ebe010] Opening '/cache/transcodes/b70573b47988c7dd3d334c83143ea3dc182.mp4' for writing
[hls @ 0x555640ebe010] Opening '/cache/transcodes/b70573b47988c7dd3d334c83143ea3dc183.mp4' for writing
[hls @ 0x555640ebe010] Opening '/cache/transcodes/b70573b47988c7dd3d334c83143ea3dc184.mp4' for writing
[hls @ 0x555640ebe010] Opening '/cache/transcodes/b70573b47988c7dd3d334c83143ea3dc185.mp4' for writing
[hls @ 0x555640ebe010] Opening '/cache/transcodes/b70573b47988c7dd3d334c83143ea3dc186.mp4' for writing
[hls @ 0x555640ebe010] Opening '/cache/transcodes/b70573b47988c7dd3d334c83143ea3dc187.mp4' for writing
[hls @ 0x555640ebe010] Opening '/cache/transcodes/b70573b47988c7dd3d334c83143ea3dc188.mp4' for writing
[hls @ 0x555640ebe010] Opening '/cache/transcodes/b70573b47988c7dd3d334c83143ea3dc189.mp4' for writing
[hls @ 0x555640ebe010] Opening '/cache/transcodes/b70573b47988c7dd3d334c83143ea3dc190.mp4' for writing
[hls @ 0x555640ebe010] Opening '/cache/transcodes/b70573b47988c7dd3d334c83143ea3dc191.mp4' for writing
[hls @ 0x555640ebe010] Opening '/cache/transcodes/b70573b47988c7dd3d334c83143ea3dc192.mp4' for writing
[hls @ 0x555640ebe010] Opening '/cache/transcodes/b70573b47988c7dd3d334c83143ea3dc193.mp4' for writing
[hls @ 0x555640ebe010] Opening '/cache/transcodes/b70573b47988c7dd3d334c83143ea3dc194.mp4' for writing
[hls @ 0x555640ebe010] Opening '/cache/transcodes/b70573b47988c7dd3d334c83143ea3dc195.mp4' for writing
[hls @ 0x555640ebe010] Opening '/cache/transcodes/b70573b47988c7dd3d334c83143ea3dc196.mp4' for writing
[hls @ 0x555640ebe010] Opening '/cache/transcodes/b70573b47988c7dd3d334c83143ea3dc197.mp4' for writing
[hls @ 0x555640ebe010] Opening '/cache/transcodes/b70573b47988c7dd3d334c83143ea3dc198.mp4' for writing
[hls @ 0x555640ebe010] Opening '/cache/transcodes/b70573b47988c7dd3d334c83143ea3dc199.mp4' for writing
[hls @ 0x555640ebe010] Opening '/cache/transcodes/b70573b47988c7dd3d334c83143ea3dc200.mp4' for writing
[hls @ 0x555640ebe010] Opening '/cache/transcodes/b70573b47988c7dd3d334c83143ea3dc201.mp4' for writing
[hls @ 0x555640ebe010] Opening '/cache/transcodes/b70573b47988c7dd3d334c83143ea3dc202.mp4' for writing
[hls @ 0x555640ebe010] Opening '/cache/transcodes/b70573b47988c7dd3d334c83143ea3dc203.mp4' for writing
[hls @ 0x555640ebe010] Opening '/cache/transcodes/b70573b47988c7dd3d334c83143ea3dc204.mp4' for writing
[hls @ 0x555640ebe010] Opening '/cache/transcodes/b70573b47988c7dd3d334c83143ea3dc205.mp4' for writing
[hls @ 0x555640ebe010] Opening '/cache/transcodes/b70573b47988c7dd3d334c83143ea3dc206.mp4' for writing
[hls @ 0x555640ebe010] Opening '/cache/transcodes/b70573b47988c7dd3d334c83143ea3dc207.mp4' for writing
[hls @ 0x555640ebe010] Opening '/cache/transcodes/b70573b47988c7dd3d334c83143ea3dc208.mp4' for writing
[hls @ 0x555640ebe010] Opening '/cache/transcodes/b70573b47988c7dd3d334c83143ea3dc209.mp4' for writing
[hls @ 0x555640ebe010] Opening '/cache/transcodes/b70573b47988c7dd3d334c83143ea3dc210.mp4' for writing
[hls @ 0x555640ebe010] Opening '/cache/transcodes/b70573b47988c7dd3d334c83143ea3dc211.mp4' for writing
[hls @ 0x555640ebe010] Opening '/cache/transcodes/b70573b47988c7dd3d334c83143ea3dc212.mp4' for writing
[hls @ 0x555640ebe010] Opening '/cache/transcodes/b70573b47988c7dd3d334c83143ea3dc213.mp4' for writing
[hls @ 0x555640ebe010] Opening '/cache/transcodes/b70573b47988c7dd3d334c83143ea3dc214.mp4' for writing
[hls @ 0x555640ebe010] Opening '/cache/transcodes/b70573b47988c7dd3d334c83143ea3dc215.mp4' for writing
[hls @ 0x555640ebe010] Opening '/cache/transcodes/b70573b47988c7dd3d334c83143ea3dc216.mp4' for writing
[hls @ 0x555640ebe010] Opening '/cache/transcodes/b70573b47988c7dd3d334c83143ea3dc217.mp4' for writing
[hls @ 0x555640ebe010] Opening '/cache/transcodes/b70573b47988c7dd3d334c83143ea3dc218.mp4' for writing
[hls @ 0x555640ebe010] Opening '/cache/transcodes/b70573b47988c7dd3d334c83143ea3dc219.mp4' for writing
[hls @ 0x555640ebe010] Opening '/cache/transcodes/b70573b47988c7dd3d334c83143ea3dc220.mp4' for writing
[hls @ 0x555640ebe010] Opening '/cache/transcodes/b70573b47988c7dd3d334c83143ea3dc221.mp4' for writing
size=N/A time=00:18:24.64 bitrate=N/A speed= 442x    
[hls @ 0x555640ebe010] Opening '/cache/transcodes/b70573b47988c7dd3d334c83143ea3dc222.mp4' for writing
[hls @ 0x555640ebe010] Opening '/cache/transcodes/b70573b47988c7dd3d334c83143ea3dc223.mp4' for writing
[hls @ 0x555640ebe010] Opening '/cache/transcodes/b70573b47988c7dd3d334c83143ea3dc224.mp4' for writing
[hls @ 0x555640ebe010] Opening '/cache/transcodes/b70573b47988c7dd3d334c83143ea3dc225.mp4' for writing
[hls @ 0x555640ebe010] Opening '/cache/transcodes/b70573b47988c7dd3d334c83143ea3dc226.mp4' for writing
[hls @ 0x555640ebe010] Opening '/cache/transcodes/b70573b47988c7dd3d334c83143ea3dc227.mp4' for writing
[hls @ 0x555640ebe010] Opening '/cache/transcodes/b70573b47988c7dd3d334c83143ea3dc228.mp4' for writing
[hls @ 0x555640ebe010] Opening '/cache/transcodes/b70573b47988c7dd3d334c83143ea3dc229.mp4' for writing
[hls @ 0x555640ebe010] Opening '/cache/transcodes/b70573b47988c7dd3d334c83143ea3dc230.mp4' for writing
[hls @ 0x555640ebe010] Opening '/cache/transcodes/b70573b47988c7dd3d334c83143ea3dc231.mp4' for writing
[hls @ 0x555640ebe010] Opening '/cache/transcodes/b70573b47988c7dd3d334c83143ea3dc232.mp4' for writing
[hls @ 0x555640ebe010] Opening '/cache/transcodes/b70573b47988c7dd3d334c83143ea3dc233.mp4' for writing
[hls @ 0x555640ebe010] Opening '/cache/transcodes/b70573b47988c7dd3d334c83143ea3dc234.mp4' for writing
[hls @ 0x555640ebe010] Opening '/cache/transcodes/b70573b47988c7dd3d334c83143ea3dc235.mp4' for writing
[hls @ 0x555640ebe010] Opening '/cache/transcodes/b70573b47988c7dd3d334c83143ea3dc236.mp4' for writing
[hls @ 0x555640ebe010] Opening '/cache/transcodes/b70573b47988c7dd3d334c83143ea3dc237.mp4' for writing
[hls @ 0x555640ebe010] Opening '/cache/transcodes/b70573b47988c7dd3d334c83143ea3dc238.mp4' for writing
[hls @ 0x555640ebe010] Opening '/cache/transcodes/b70573b47988c7dd3d334c83143ea3dc239.mp4' for writing
[hls @ 0x555640ebe010] Opening '/cache/transcodes/b70573b47988c7dd3d334c83143ea3dc240.mp4' for writing
[hls @ 0x555640ebe010] Opening '/cache/transcodes/b70573b47988c7dd3d334c83143ea3dc241.mp4' for writing
[hls @ 0x555640ebe010] Opening '/cache/transcodes/b70573b47988c7dd3d334c83143ea3dc242.mp4' for writing
[hls @ 0x555640ebe010] Opening '/cache/transcodes/b70573b47988c7dd3d334c83143ea3dc243.mp4' for writing
[hls @ 0x555640ebe010] Opening '/cache/transcodes/b70573b47988c7dd3d334c83143ea3dc244.mp4' for writing
[hls @ 0x555640ebe010] Opening '/cache/transcodes/b70573b47988c7dd3d334c83143ea3dc245.mp4' for writing
[hls @ 0x555640ebe010] Opening '/cache/transcodes/b70573b47988c7dd3d334c83143ea3dc246.mp4' for writing
[hls @ 0x555640ebe010] Opening '/cache/transcodes/b70573b47988c7dd3d334c83143ea3dc247.mp4' for writing
[hls @ 0x555640ebe010] Opening '/cache/transcodes/b70573b47988c7dd3d334c83143ea3dc248.mp4' for writing
[hls @ 0x555640ebe010] Opening '/cache/transcodes/b70573b47988c7dd3d334c83143ea3dc249.mp4' for writing
[hls @ 0x555640ebe010] Opening '/cache/transcodes/b70573b47988c7dd3d334c83143ea3dc250.mp4' for writing
[hls @ 0x555640ebe010] Opening '/cache/transcodes/b70573b47988c7dd3d334c83143ea3dc251.mp4' for writing
[hls @ 0x555640ebe010] Opening '/cache/transcodes/b70573b47988c7dd3d334c83143ea3dc252.mp4' for writing
[hls @ 0x555640ebe010] Opening '/cache/transcodes/b70573b47988c7dd3d334c83143ea3dc253.mp4' for writing
[hls @ 0x555640ebe010] Opening '/cache/transcodes/b70573b47988c7dd3d334c83143ea3dc254.mp4' for writing
[hls @ 0x555640ebe010] Opening '/cache/transcodes/b70573b47988c7dd3d334c83143ea3dc255.mp4' for writing
[hls @ 0x555640ebe010] Opening '/cache/transcodes/b70573b47988c7dd3d334c83143ea3dc256.mp4' for writing
[hls @ 0x555640ebe010] Opening '/cache/transcodes/b70573b47988c7dd3d334c83143ea3dc257.mp4' for writing
[hls @ 0x555640ebe010] Opening '/cache/transcodes/b70573b47988c7dd3d334c83143ea3dc258.mp4' for writing
[hls @ 0x555640ebe010] Opening '/cache/transcodes/b70573b47988c7dd3d334c83143ea3dc259.mp4' for writing
[hls @ 0x555640ebe010] Opening '/cache/transcodes/b70573b47988c7dd3d334c83143ea3dc260.mp4' for writing
[hls @ 0x555640ebe010] Opening '/cache/transcodes/b70573b47988c7dd3d334c83143ea3dc261.mp4' for writing
[hls @ 0x555640ebe010] Opening '/cache/transcodes/b70573b47988c7dd3d334c83143ea3dc262.mp4' for writing
[hls @ 0x555640ebe010] Opening '/cache/transcodes/b70573b47988c7dd3d334c83143ea3dc263.mp4' for writing
[hls @ 0x555640ebe010] Opening '/cache/transcodes/b70573b47988c7dd3d334c83143ea3dc264.mp4' for writing
[hls @ 0x555640ebe010] Opening '/cache/transcodes/b70573b47988c7dd3d334c83143ea3dc265.mp4' for writing
[hls @ 0x555640ebe010] Opening '/cache/transcodes/b70573b47988c7dd3d334c83143ea3dc266.mp4' for writing
[hls @ 0x555640ebe010] Opening '/cache/transcodes/b70573b47988c7dd3d334c83143ea3dc267.mp4' for writing
size=N/A time=00:22:59.62 bitrate=N/A speed= 460x    
[hls @ 0x555640ebe010] Opening '/cache/transcodes/b70573b47988c7dd3d334c83143ea3dc268.mp4' for writing
[hls @ 0x555640ebe010] Opening '/cache/transcodes/b70573b47988c7dd3d334c83143ea3dc269.mp4' for writing
[hls @ 0x555640ebe010] Opening '/cache/transcodes/b70573b47988c7dd3d334c83143ea3dc270.mp4' for writing
[hls @ 0x555640ebe010] Opening '/cache/transcodes/b70573b47988c7dd3d334c83143ea3dc271.mp4' for writing
[hls @ 0x555640ebe010] Opening '/cache/transcodes/b70573b47988c7dd3d334c83143ea3dc272.mp4' for writing
[hls @ 0x555640ebe010] Opening '/cache/transcodes/b70573b47988c7dd3d334c83143ea3dc273.mp4' for writing
[hls @ 0x555640ebe010] Opening '/cache/transcodes/b70573b47988c7dd3d334c83143ea3dc274.mp4' for writing
[hls @ 0x555640ebe010] Opening '/cache/transcodes/b70573b47988c7dd3d334c83143ea3dc275.mp4' for writing
[hls @ 0x555640ebe010] Opening '/cache/transcodes/b70573b47988c7dd3d334c83143ea3dc276.mp4' for writing
[hls @ 0x555640ebe010] Opening '/cache/transcodes/b70573b47988c7dd3d334c83143ea3dc277.mp4' for writing
[hls @ 0x555640ebe010] Opening '/cache/transcodes/b70573b47988c7dd3d334c83143ea3dc278.mp4' for writing
[hls @ 0x555640ebe010] Opening '/cache/transcodes/b70573b47988c7dd3d334c83143ea3dc279.mp4' for writing
[hls @ 0x555640ebe010] Opening '/cache/transcodes/b70573b47988c7dd3d334c83143ea3dc280.mp4' for writing
[hls @ 0x555640ebe010] Opening '/cache/transcodes/b70573b47988c7dd3d334c83143ea3dc281.mp4' for writing
[hls @ 0x555640ebe010] Opening '/cache/transcodes/b70573b47988c7dd3d334c83143ea3dc282.mp4' for writing
[hls @ 0x555640ebe010] Opening '/cache/transcodes/b70573b47988c7dd3d334c83143ea3dc283.mp4' for writing
[hls @ 0x555640ebe010] Opening '/cache/transcodes/b70573b47988c7dd3d334c83143ea3dc284.mp4' for writing
[hls @ 0x555640ebe010] Opening '/cache/transcodes/b70573b47988c7dd3d334c83143ea3dc285.mp4' for writing
[hls @ 0x555640ebe010] Opening '/cache/transcodes/b70573b47988c7dd3d334c83143ea3dc286.mp4' for writing
[hls @ 0x555640ebe010] Opening '/cache/transcodes/b70573b47988c7dd3d334c83143ea3dc287.mp4' for writing
[hls @ 0x555640ebe010] Opening '/cache/transcodes/b70573b47988c7dd3d334c83143ea3dc288.mp4' for writing
[hls @ 0x555640ebe010] Opening '/cache/transcodes/b70573b47988c7dd3d334c83143ea3dc289.mp4' for writing
[hls @ 0x555640ebe010] Opening '/cache/transcodes/b70573b47988c7dd3d334c83143ea3dc290.mp4' for writing
[hls @ 0x555640ebe010] Opening '/cache/transcodes/b70573b47988c7dd3d334c83143ea3dc291.mp4' for writing
[hls @ 0x555640ebe010] Opening '/cache/transcodes/b70573b47988c7dd3d334c83143ea3dc292.mp4' for writing
[hls @ 0x555640ebe010] Opening '/cache/transcodes/b70573b47988c7dd3d334c83143ea3dc293.mp4' for writing
[hls @ 0x555640ebe010] Opening '/cache/transcodes/b70573b47988c7dd3d334c83143ea3dc294.mp4' for writing
[hls @ 0x555640ebe010] Opening '/cache/transcodes/b70573b47988c7dd3d334c83143ea3dc295.mp4' for writing
[hls @ 0x555640ebe010] Opening '/cache/transcodes/b70573b47988c7dd3d334c83143ea3dc296.mp4' for writing
[hls @ 0x555640ebe010] Opening '/cache/transcodes/b70573b47988c7dd3d334c83143ea3dc297.mp4' for writing
[hls @ 0x555640ebe010] Opening '/cache/transcodes/b70573b47988c7dd3d334c83143ea3dc298.mp4' for writing
[hls @ 0x555640ebe010] Opening '/cache/transcodes/b70573b47988c7dd3d334c83143ea3dc299.mp4' for writing
[hls @ 0x555640ebe010] Opening '/cache/transcodes/b70573b47988c7dd3d334c83143ea3dc300.mp4' for writing
[hls @ 0x555640ebe010] Opening '/cache/transcodes/b70573b47988c7dd3d334c83143ea3dc301.mp4' for writing
[hls @ 0x555640ebe010] Opening '/cache/transcodes/b70573b47988c7dd3d334c83143ea3dc302.mp4' for writing
[hls @ 0x555640ebe010] Opening '/cache/transcodes/b70573b47988c7dd3d334c83143ea3dc303.mp4' for writing
[hls @ 0x555640ebe010] Opening '/cache/transcodes/b70573b47988c7dd3d334c83143ea3dc304.mp4' for writing
[hls @ 0x555640ebe010] Opening '/cache/transcodes/b70573b47988c7dd3d334c83143ea3dc305.mp4' for writing
[hls @ 0x555640ebe010] Opening '/cache/transcodes/b70573b47988c7dd3d334c83143ea3dc306.mp4' for writing
[hls @ 0x555640ebe010] Opening '/cache/transcodes/b70573b47988c7dd3d334c83143ea3dc307.mp4' for writing
[hls @ 0x555640ebe010] Opening '/cache/transcodes/b70573b47988c7dd3d334c83143ea3dc308.mp4' for writing
[hls @ 0x555640ebe010] Opening '/cache/transcodes/b70573b47988c7dd3d334c83143ea3dc309.mp4' for writing
[hls @ 0x555640ebe010] Opening '/cache/transcodes/b70573b47988c7dd3d334c83143ea3dc310.mp4' for writing
[hls @ 0x555640ebe010] Opening '/cache/transcodes/b70573b47988c7dd3d334c83143ea3dc311.mp4' for writing
[hls @ 0x555640ebe010] Opening '/cache/transcodes/b70573b47988c7dd3d334c83143ea3dc312.mp4' for writing
[hls @ 0x555640ebe010] Opening '/cache/transcodes/b70573b47988c7dd3d334c83143ea3dc313.mp4' for writing
[hls @ 0x555640ebe010] Opening '/cache/transcodes/b70573b47988c7dd3d334c83143ea3dc314.mp4' for writing
size=N/A time=00:27:38.07 bitrate=N/A speed= 474x    
[hls @ 0x555640ebe010] Opening '/cache/transcodes/b70573b47988c7dd3d334c83143ea3dc315.mp4' for writing
[hls @ 0x555640ebe010] Opening '/cache/transcodes/b70573b47988c7dd3d334c83143ea3dc316.mp4' for writing
[hls @ 0x555640ebe010] Opening '/cache/transcodes/b70573b47988c7dd3d334c83143ea3dc317.mp4' for writing
[hls @ 0x555640ebe010] Opening '/cache/transcodes/b70573b47988c7dd3d334c83143ea3dc318.mp4' for writing
[hls @ 0x555640ebe010] Opening '/cache/transcodes/b70573b47988c7dd3d334c83143ea3dc319.mp4' for writing
[hls @ 0x555640ebe010] Opening '/cache/transcodes/b70573b47988c7dd3d334c83143ea3dc320.mp4' for writing
[hls @ 0x555640ebe010] Opening '/cache/transcodes/b70573b47988c7dd3d334c83143ea3dc321.mp4' for writing
[hls @ 0x555640ebe010] Opening '/cache/transcodes/b70573b47988c7dd3d334c83143ea3dc322.mp4' for writing
[hls @ 0x555640ebe010] Opening '/cache/transcodes/b70573b47988c7dd3d334c83143ea3dc323.mp4' for writing
[hls @ 0x555640ebe010] Opening '/cache/transcodes/b70573b47988c7dd3d334c83143ea3dc324.mp4' for writing
[hls @ 0x555640ebe010] Opening '/cache/transcodes/b70573b47988c7dd3d334c83143ea3dc325.mp4' for writing
[hls @ 0x555640ebe010] Opening '/cache/transcodes/b70573b47988c7dd3d334c83143ea3dc326.mp4' for writing
[hls @ 0x555640ebe010] Opening '/cache/transcodes/b70573b47988c7dd3d334c83143ea3dc327.mp4' for writing
[hls @ 0x555640ebe010] Opening '/cache/transcodes/b70573b47988c7dd3d334c83143ea3dc328.mp4' for writing
[hls @ 0x555640ebe010] Opening '/cache/transcodes/b70573b47988c7dd3d334c83143ea3dc329.mp4' for writing
[hls @ 0x555640ebe010] Opening '/cache/transcodes/b70573b47988c7dd3d334c83143ea3dc330.mp4' for writing
[hls @ 0x555640ebe010] Opening '/cache/transcodes/b70573b47988c7dd3d334c83143ea3dc331.mp4' for writing
[hls @ 0x555640ebe010] Opening '/cache/transcodes/b70573b47988c7dd3d334c83143ea3dc332.mp4' for writing
[hls @ 0x555640ebe010] Opening '/cache/transcodes/b70573b47988c7dd3d334c83143ea3dc333.mp4' for writing
[hls @ 0x555640ebe010] Opening '/cache/transcodes/b70573b47988c7dd3d334c83143ea3dc334.mp4' for writing
[hls @ 0x555640ebe010] Opening '/cache/transcodes/b70573b47988c7dd3d334c83143ea3dc335.mp4' for writing
[hls @ 0x555640ebe010] Opening '/cache/transcodes/b70573b47988c7dd3d334c83143ea3dc336.mp4' for writing
[hls @ 0x555640ebe010] Opening '/cache/transcodes/b70573b47988c7dd3d334c83143ea3dc337.mp4' for writing
[hls @ 0x555640ebe010] Opening '/cache/transcodes/b70573b47988c7dd3d334c83143ea3dc338.mp4' for writing
[hls @ 0x555640ebe010] Opening '/cache/transcodes/b70573b47988c7dd3d334c83143ea3dc339.mp4' for writing
[hls @ 0x555640ebe010] Opening '/cache/transcodes/b70573b47988c7dd3d334c83143ea3dc340.mp4' for writing
[hls @ 0x555640ebe010] Opening '/cache/transcodes/b70573b47988c7dd3d334c83143ea3dc341.mp4' for writing
[hls @ 0x555640ebe010] Opening '/cache/transcodes/b70573b47988c7dd3d334c83143ea3dc342.mp4' for writing
[hls @ 0x555640ebe010] Opening '/cache/transcodes/b70573b47988c7dd3d334c83143ea3dc343.mp4' for writing
[hls @ 0x555640ebe010] Opening '/cache/transcodes/b70573b47988c7dd3d334c83143ea3dc344.mp4' for writing
[hls @ 0x555640ebe010] Opening '/cache/transcodes/b70573b47988c7dd3d334c83143ea3dc345.mp4' for writing
[hls @ 0x555640ebe010] Opening '/cache/transcodes/b70573b47988c7dd3d334c83143ea3dc346.mp4' for writing
[hls @ 0x555640ebe010] Opening '/cache/transcodes/b70573b47988c7dd3d334c83143ea3dc347.mp4' for writing
[hls @ 0x555640ebe010] Opening '/cache/transcodes/b70573b47988c7dd3d334c83143ea3dc348.mp4' for writing
[hls @ 0x555640ebe010] Opening '/cache/transcodes/b70573b47988c7dd3d334c83143ea3dc349.mp4' for writing
[hls @ 0x555640ebe010] Opening '/cache/transcodes/b70573b47988c7dd3d334c83143ea3dc350.mp4' for writing
[hls @ 0x555640ebe010] Opening '/cache/transcodes/b70573b47988c7dd3d334c83143ea3dc351.mp4' for writing
[hls @ 0x555640ebe010] Opening '/cache/transcodes/b70573b47988c7dd3d334c83143ea3dc352.mp4' for writing


[q] command received. Exiting.

[hls @ 0x555640ebe010] Opening '/cache/transcodes/b70573b47988c7dd3d334c83143ea3dc353.mp4' for writing
[out#0/hls @ 0x555640e7da70] video:682887KiB audio:116100KiB subtitle:0KiB other streams:0KiB global headers:0KiB muxing overhead: unknown
size=N/A time=00:31:24.80 bitrate=N/A speed= 471x    